Using pre-set license
Built from '2022.3/respin/2022.3.62f2-4af31df585-v2' branch; Version is '2022.3.62f3 (96770f904ca7) revision 9860879'; Using compiler version '192829333'; Build Type 'Release'
OS: 'Windows 11  (10.0.26200) 64bit CoreSingleLanguage' Language: 'en' Physical Memory: 15636 MB
BatchMode: 1, IsHumanControllingUs: 0, StartBugReporterOnCrash: 0, Is64bit: 1, IsPro: 1

COMMAND LINE ARGUMENTS:
D:\Unity Hub\Editer\2022.3.62f3\Editor\Unity.exe
-adb2
-batchMode
-noUpm
-name
AssetImportWorker0
-projectPath
D:/Important/Endless-runner-master/Endless-runner-master/Endless Runner/Game-Level-based-Runner-3D-HPC
-logFile
Logs/AssetImportWorker0.log
-srvPort
51572
Successfully changed project path to: D:/Important/Endless-runner-master/Endless-runner-master/Endless Runner/Game-Level-based-Runner-3D-HPC
D:/Important/Endless-runner-master/Endless-runner-master/Endless Runner/Game-Level-based-Runner-3D-HPC
[UnityMemory] Configuration Parameters - Can be set up in boot.config
    "memorysetup-bucket-allocator-granularity=16"
    "memorysetup-bucket-allocator-bucket-count=8"
    "memorysetup-bucket-allocator-block-size=33554432"
    "memorysetup-bucket-allocator-block-count=8"
    "memorysetup-main-allocator-block-size=16777216"
    "memorysetup-thread-allocator-block-size=16777216"
    "memorysetup-gfx-main-allocator-block-size=16777216"
    "memorysetup-gfx-thread-allocator-block-size=16777216"
    "memorysetup-cache-allocator-block-size=4194304"
    "memorysetup-typetree-allocator-block-size=2097152"
    "memorysetup-profiler-bucket-allocator-granularity=16"
    "memorysetup-profiler-bucket-allocator-bucket-count=8"
    "memorysetup-profiler-bucket-allocator-block-size=33554432"
    "memorysetup-profiler-bucket-allocator-block-count=8"
    "memorysetup-profiler-allocator-block-size=16777216"
    "memorysetup-profiler-editor-allocator-block-size=1048576"
    "memorysetup-temp-allocator-size-main=16777216"
    "memorysetup-job-temp-allocator-block-size=2097152"
    "memorysetup-job-temp-allocator-block-size-background=1048576"
    "memorysetup-job-temp-allocator-reduction-small-platforms=262144"
    "memorysetup-allocator-temp-initial-block-size-main=262144"
    "memorysetup-allocator-temp-initial-block-size-worker=262144"
    "memorysetup-temp-allocator-size-background-worker=32768"
    "memorysetup-temp-allocator-size-job-worker=262144"
    "memorysetup-temp-allocator-size-preload-manager=33554432"
    "memorysetup-temp-allocator-size-nav-mesh-worker=65536"
    "memorysetup-temp-allocator-size-audio-worker=65536"
    "memorysetup-temp-allocator-size-cloud-worker=32768"
    "memorysetup-temp-allocator-size-gi-baking-worker=262144"
    "memorysetup-temp-allocator-size-gfx=262144"
Player connection [19420]  Target information:

Player connection [19420]  * "[IP] 26.212.6.96 [Port] 0 [Flags] 2 [Guid] 1955369421 [EditorId] 1955369421 [Version] 1048832 [Id] WindowsEditor(7,MyLaptop) [Debug] 1 [PackageName] WindowsEditor [ProjectName] Editor" 

Player connection [19420]  * "[IP] 192.168.61.103 [Port] 0 [Flags] 2 [Guid] 1955369421 [EditorId] 1955369421 [Version] 1048832 [Id] WindowsEditor(7,MyLaptop) [Debug] 1 [PackageName] WindowsEditor [ProjectName] Editor" 

Player connection [19420] Host joined multi-casting on [225.0.0.222:54997]...
Player connection [19420] Host joined alternative multi-casting on [225.0.0.222:34997]...
Input System module state changed to: Initialized.
[PhysX] Initialized MultithreadedTaskDispatcher with 12 workers.
Refreshing native plugins compatible for Editor in 0.00 ms, found 0 plugins.
Preloading 0 native plugins for Editor in 0.00 ms.
Initialize engine version: 2022.3.62f3 (96770f904ca7)
[Subsystems] Discovering subsystems at path D:/Unity Hub/Editer/2022.3.62f3/Editor/Data/Resources/UnitySubsystems
[Subsystems] Discovering subsystems at path D:/Important/Endless-runner-master/Endless-runner-master/Endless Runner/Game-Level-based-Runner-3D-HPC/Assets
GfxDevice: creating device client; threaded=0; jobified=0
Direct3D:
    Version:  Direct3D 11.0 [level 11.1]
    Renderer: NVIDIA GeForce RTX 4050 Laptop GPU (ID=0x28e1)
    Vendor:   NVIDIA
    VRAM:     5920 MB
    Driver:   32.0.15.9571
Initialize mono
Mono path[0] = 'D:/Unity Hub/Editer/2022.3.62f3/Editor/Data/Managed'
Mono path[1] = 'D:/Unity Hub/Editer/2022.3.62f3/Editor/Data/MonoBleedingEdge/lib/mono/unityjit-win32'
Mono config path = 'D:/Unity Hub/Editer/2022.3.62f3/Editor/Data/MonoBleedingEdge/etc'
Using monoOptions --debugger-agent=transport=dt_socket,embedding=1,server=y,suspend=n,address=127.0.0.1:56784
Begin MonoManager ReloadAssembly
Registering precompiled unity dll's ...
Register platform support module: D:/Unity Hub/Editer/2022.3.62f3/Editor/Data/PlaybackEngines/WebGLSupport/UnityEditor.WebGL.Extensions.dll
Register platform support module: D:/Unity Hub/Editer/2022.3.62f3/Editor/Data/PlaybackEngines/AndroidPlayer/UnityEditor.Android.Extensions.dll
Register platform support module: D:/Unity Hub/Editer/2022.3.62f3/Editor/Data/PlaybackEngines/WindowsStandaloneSupport/UnityEditor.WindowsStandalone.Extensions.dll
Registered in 0.004925 seconds.
- Loaded All Assemblies, in  0.336 seconds
Native extension for WindowsStandalone target not found
Native extension for Android target not found
Android Extension - Scanning For ADB Devices 231 ms
Native extension for WebGL target not found
Mono: successfully reloaded assembly
- Finished resetting the current domain, in  0.490 seconds
Domain Reload Profiling: 826ms
	BeginReloadAssembly (115ms)
		ExecutionOrderSort (0ms)
		DisableScriptedObjects (0ms)
		BackupInstance (0ms)
		ReleaseScriptingObjects (0ms)
		CreateAndSetChildDomain (1ms)
	RebuildCommonClasses (32ms)
	RebuildNativeTypeToScriptingClass (8ms)
	initialDomainReloadingComplete (50ms)
	LoadAllAssembliesAndSetupDomain (131ms)
		LoadAssemblies (116ms)
		RebuildTransferFunctionScriptingTraits (0ms)
		AnalyzeDomain (127ms)
			TypeCache.Refresh (126ms)
				TypeCache.ScanAssembly (115ms)
			ScanForSourceGeneratedMonoScriptInfo (0ms)
			ResolveRequiredComponents (0ms)
	FinalizeReload (490ms)
		ReleaseScriptCaches (0ms)
		RebuildScriptCaches (0ms)
		SetupLoadedEditorAssemblies (449ms)
			LogAssemblyErrors (0ms)
			InitializePlatformSupportModulesInManaged (297ms)
			SetLoadedEditorAssemblies (5ms)
			RefreshPlugins (0ms)
			BeforeProcessingInitializeOnLoad (2ms)
			ProcessInitializeOnLoadAttributes (104ms)
			ProcessInitializeOnLoadMethodAttributes (41ms)
			AfterProcessingInitializeOnLoad (0ms)
			EditorAssembliesLoaded (0ms)
		ExecutionOrderSort2 (0ms)
		AwakeInstancesAfterBackupRestoration (0ms)
========================================================================
Worker process is ready to serve import requests
Caller must complete domain reload
Begin MonoManager ReloadAssembly
- Loaded All Assemblies, in  0.244 seconds
Native extension for WindowsStandalone target not found
Native extension for Android target not found
Native extension for WebGL target not found
Mono: successfully reloaded assembly
- Finished resetting the current domain, in  0.325 seconds
Domain Reload Profiling: 569ms
	BeginReloadAssembly (153ms)
		ExecutionOrderSort (0ms)
		DisableScriptedObjects (6ms)
		BackupInstance (0ms)
		ReleaseScriptingObjects (0ms)
		CreateAndSetChildDomain (27ms)
	RebuildCommonClasses (32ms)
	RebuildNativeTypeToScriptingClass (10ms)
	initialDomainReloadingComplete (23ms)
	LoadAllAssembliesAndSetupDomain (25ms)
		LoadAssemblies (95ms)
		RebuildTransferFunctionScriptingTraits (0ms)
		AnalyzeDomain (21ms)
			TypeCache.Refresh (17ms)
				TypeCache.ScanAssembly (10ms)
			ScanForSourceGeneratedMonoScriptInfo (2ms)
			ResolveRequiredComponents (1ms)
	FinalizeReload (325ms)
		ReleaseScriptCaches (0ms)
		RebuildScriptCaches (0ms)
		SetupLoadedEditorAssemblies (208ms)
			LogAssemblyErrors (0ms)
			InitializePlatformSupportModulesInManaged (15ms)
			SetLoadedEditorAssemblies (3ms)
			RefreshPlugins (0ms)
			BeforeProcessingInitializeOnLoad (33ms)
			ProcessInitializeOnLoadAttributes (132ms)
			ProcessInitializeOnLoadMethodAttributes (21ms)
			AfterProcessingInitializeOnLoad (3ms)
			EditorAssembliesLoaded (0ms)
		ExecutionOrderSort2 (0ms)
		AwakeInstancesAfterBackupRestoration (7ms)
Launched and connected shader compiler UnityShaderCompiler.exe after 0.07 seconds
Refreshing native plugins compatible for Editor in 0.00 ms, found 0 plugins.
Preloading 0 native plugins for Editor in 0.00 ms.
Unloading 244 Unused Serialized files (Serialized files now loaded: 0)
Unloading 3 unused Assets / (48.8 KB). Loaded Objects now: 719.
Memory consumption went from 55.3 MB to 55.3 MB.
Total: 2.413200 ms (FindLiveObjects: 0.051100 ms CreateObjectMapping: 0.009300 ms MarkObjects: 2.192400 ms  DeleteObjects: 0.159100 ms)

AssetImportParameters requested are different than current active one (requested -> active):
  custom:video-encoder-webm-vp8: eb34c28f22e8b96e1ab97ce403110664 -> 
  custom:video-decoder-webm-vp8: 9c59270c3fd7afecdb556c50c9e8de78 -> 
  custom:audio-decoder-ogg-vorbis: bf7c407c2cedff20999df2af8eb42d56 -> 
  custom:video-decoder-ogg-theora: a1e56fd34408186e4bbccfd4996cb3dc -> 
  custom:audio-encoder-webm-vorbis: bf7c407c2cedff20999df2af8eb42d56 -> 
  custom:container-demuxer-webm: 4f35f7cbe854078d1ac9338744f61a02 -> 
  custom:SearchIndexIgnoredProperties: e643bd26f0fe6173181afceb89e7c659 -> 
  custom:container-muxer-webm: aa71ff27fc2769a1b78a27578f13a17b -> 
  custom:video-codec-MediaFoundation-h265: 746d11721c4dcdbdad8f713fa42b33f4 -> 
  custom:container-demuxer-ogg: 62fdf1f143b41e24485cea50d1cbac27 -> 
  custom:AudioImporter_EditorPlatform: d09bf68614088b80899f8185d706f6e7 -> 
  custom:CustomObjectIndexerAttribute: 9a22284fe3817be447336de3de66b15e -> 
  custom:framework-win-MediaFoundation: 216162199b28c13a410421893ffa2e32 -> 
========================================================================
Received Import Request.
  Time since last request: 386275.602172 seconds.
  path: Assets/LowPoly_Foliage/Models/Bushes/Bush_a_01.fbx
  artifactKey: Guid(f933912e8e263e64da3d1db008039836) Importer(2089858483,0ecaa5967403d082aa24f35e1b516d23)
Start importing Assets/LowPoly_Foliage/Models/Bushes/Bush_a_01.fbx using Guid(f933912e8e263e64da3d1db008039836) Importer(2089858483,0ecaa5967403d082aa24f35e1b516d23) [PhysX] Initialized MultithreadedTaskDispatcher with 12 workers.
 -> (artifact id: 'd4adee2498e71b22415d4a0a32d4b0ce') in 0.150547 seconds
Number of updated asset objects reloaded before import = 0
Number of asset objects unloaded after import = 20
========================================================================
Received Import Request.
  Time since last request: 0.000025 seconds.
  path: Assets/Prefabs/Tile6.prefab
  artifactKey: Guid(4b03af6fa3d1a264d94583fcb31c6274) Importer(2089858483,0ecaa5967403d082aa24f35e1b516d23)
Start importing Assets/Prefabs/Tile6.prefab using Guid(4b03af6fa3d1a264d94583fcb31c6274) Importer(2089858483,0ecaa5967403d082aa24f35e1b516d23) [PhysX] Initialized MultithreadedTaskDispatcher with 12 workers.
 -> (artifact id: '211cc5c4636e4fa92bb600bb3acf23ea') in 0.031471 seconds
Number of updated asset objects reloaded before import = 0
Number of asset objects unloaded after import = 79
========================================================================
Received Import Request.
  Time since last request: 0.000019 seconds.
  path: Assets/Prefabs/Coin.prefab
  artifactKey: Guid(ed951ac5482593f4392895192b1c122b) Importer(2089858483,0ecaa5967403d082aa24f35e1b516d23)
Start importing Assets/Prefabs/Coin.prefab using Guid(ed951ac5482593f4392895192b1c122b) Importer(2089858483,0ecaa5967403d082aa24f35e1b516d23) [PhysX] Initialized MultithreadedTaskDispatcher with 12 workers.
 -> (artifact id: 'c6030d466e6f2802f15efd6f15e98e95') in 0.038616 seconds
Number of updated asset objects reloaded before import = 0
Number of asset objects unloaded after import = 8
========================================================================
Received Import Request.
  Time since last request: 0.000035 seconds.
  path: Assets/Scripts/FinishLine.cs
  artifactKey: Guid(b9088e8c2b04d6c4399ffb127b56f432) Importer(2089858483,0ecaa5967403d082aa24f35e1b516d23)
Start importing Assets/Scripts/FinishLine.cs using Guid(b9088e8c2b04d6c4399ffb127b56f432) Importer(2089858483,0ecaa5967403d082aa24f35e1b516d23) [PhysX] Initialized MultithreadedTaskDispatcher with 12 workers.
 -> (artifact id: 'c4cab7ca811307fe72dd1afde7c6228d') in 0.014377 seconds
Number of updated asset objects reloaded before import = 0
Number of asset objects unloaded after import = 1
========================================================================
Received Import Request.
  Time since last request: 0.000078 seconds.
  path: Assets/LowPoly_Foliage/Models/Bushes/Bush_b_a_01.fbx
  artifactKey: Guid(16c947c90975bad4c93e670f0e8c1833) Importer(2089858483,0ecaa5967403d082aa24f35e1b516d23)
Start importing Assets/LowPoly_Foliage/Models/Bushes/Bush_b_a_01.fbx using Guid(16c947c90975bad4c93e670f0e8c1833) Importer(2089858483,0ecaa5967403d082aa24f35e1b516d23) [PhysX] Initialized MultithreadedTaskDispatcher with 12 workers.
 -> (artifact id: 'c7f5f622b7f3460221e02771780d5897') in 0.040411 seconds
Number of updated asset objects reloaded before import = 0
Number of asset objects unloaded after import = 20
========================================================================
Received Import Request.
  Time since last request: 0.000020 seconds.
  path: Assets/LowPoly_Foliage/Models/Flowers/Flower_d_01.fbx
  artifactKey: Guid(709b0a34f0459c84eb55864b8d2f7649) Importer(2089858483,0ecaa5967403d082aa24f35e1b516d23)
Start importing Assets/LowPoly_Foliage/Models/Flowers/Flower_d_01.fbx using Guid(709b0a34f0459c84eb55864b8d2f7649) Importer(2089858483,0ecaa5967403d082aa24f35e1b516d23) [PhysX] Initialized MultithreadedTaskDispatcher with 12 workers.
 -> (artifact id: '006abf252f85c3b00bd69d741a549dc9') in 0.035361 seconds
Number of updated asset objects reloaded before import = 0
Number of asset objects unloaded after import = 20
========================================================================
Received Import Request.
  Time since last request: 0.000021 seconds.
  path: Assets/Prefabs/Tile11.prefab
  artifactKey: Guid(8ea2cd864e166cd41a6b72f735a03c73) Importer(2089858483,0ecaa5967403d082aa24f35e1b516d23)
Start importing Assets/Prefabs/Tile11.prefab using Guid(8ea2cd864e166cd41a6b72f735a03c73) Importer(2089858483,0ecaa5967403d082aa24f35e1b516d23) [PhysX] Initialized MultithreadedTaskDispatcher with 12 workers.
 -> (artifact id: '96683691f70a0b46d9d7f68e15cdb14b') in 0.035380 seconds
Number of updated asset objects reloaded before import = 0
Number of asset objects unloaded after import = 75
========================================================================
Received Import Request.
  Time since last request: 0.000021 seconds.
  path: Assets/Prefabs/Tile8.prefab
  artifactKey: Guid(534521393aaa7824984d367476dd64ef) Importer(2089858483,0ecaa5967403d082aa24f35e1b516d23)
Start importing Assets/Prefabs/Tile8.prefab using Guid(534521393aaa7824984d367476dd64ef) Importer(2089858483,0ecaa5967403d082aa24f35e1b516d23) [PhysX] Initialized MultithreadedTaskDispatcher with 12 workers.
 -> (artifact id: 'b38b6c5c406522a014bd7e7a6c446630') in 0.030261 seconds
Number of updated asset objects reloaded before import = 0
Number of asset objects unloaded after import = 107
========================================================================
Received Import Request.
  Time since last request: 0.000023 seconds.
  path: Assets/Resources/button_click.wav
  artifactKey: Guid(92b67b80c7f00ec4c87f496d622de624) Importer(2089858483,0ecaa5967403d082aa24f35e1b516d23)
Start importing Assets/Resources/button_click.wav using Guid(92b67b80c7f00ec4c87f496d622de624) Importer(2089858483,0ecaa5967403d082aa24f35e1b516d23) [PhysX] Initialized MultithreadedTaskDispatcher with 12 workers.
 -> (artifact id: '3d0c40f7ed745c7f5014ed611c248139') in 0.048772 seconds
Number of updated asset objects reloaded before import = 0
Number of asset objects unloaded after import = 1
========================================================================
Received Import Request.
  Time since last request: 0.000054 seconds.
  path: Assets/Scripts/Events.cs
  artifactKey: Guid(f1160564357d80a4483af7e524f69ac6) Importer(2089858483,0ecaa5967403d082aa24f35e1b516d23)
Start importing Assets/Scripts/Events.cs using Guid(f1160564357d80a4483af7e524f69ac6) Importer(2089858483,0ecaa5967403d082aa24f35e1b516d23) [PhysX] Initialized MultithreadedTaskDispatcher with 12 workers.
 -> (artifact id: 'fe35fd764c0cd0a33c1e5015165bc459') in 0.017361 seconds
Number of updated asset objects reloaded before import = 0
Number of asset objects unloaded after import = 1
========================================================================
Received Import Request.
  Time since last request: 0.000102 seconds.
  path: Assets/Darth_Artisan/Free_Trees/Prefabs/Oak_Tree.prefab
  artifactKey: Guid(c44bd9bdc114d4a60932c0087d9d1732) Importer(2089858483,0ecaa5967403d082aa24f35e1b516d23)
Start importing Assets/Darth_Artisan/Free_Trees/Prefabs/Oak_Tree.prefab using Guid(c44bd9bdc114d4a60932c0087d9d1732) Importer(2089858483,0ecaa5967403d082aa24f35e1b516d23) [PhysX] Initialized MultithreadedTaskDispatcher with 12 workers.
 -> (artifact id: 'ecd669b57ddc0bd9f95129899bceefaa') in 0.027543 seconds
Number of updated asset objects reloaded before import = 0
Number of asset objects unloaded after import = 7
========================================================================
Received Import Request.
  Time since last request: 0.000019 seconds.
  path: Assets/Resources/starting_car_up.wav
  artifactKey: Guid(950a5f819dc41274e8481679fae849da) Importer(2089858483,0ecaa5967403d082aa24f35e1b516d23)
Start importing Assets/Resources/starting_car_up.wav using Guid(950a5f819dc41274e8481679fae849da) Importer(2089858483,0ecaa5967403d082aa24f35e1b516d23) [PhysX] Initialized MultithreadedTaskDispatcher with 12 workers.
 -> (artifact id: 'f697e4f08669454ef21e222b00ee7b39') in 0.030825 seconds
Number of updated asset objects reloaded before import = 0
Number of asset objects unloaded after import = 1
========================================================================
Received Import Request.
  Time since last request: 0.000088 seconds.
  path: Assets/Scenes/LevelSelect.unity
  artifactKey: Guid(36d42f9f9dea1ac4e9b849053459d565) Importer(2089858483,0ecaa5967403d082aa24f35e1b516d23)
Start importing Assets/Scenes/LevelSelect.unity using Guid(36d42f9f9dea1ac4e9b849053459d565) Importer(2089858483,0ecaa5967403d082aa24f35e1b516d23) [PhysX] Initialized MultithreadedTaskDispatcher with 12 workers.
 -> (artifact id: 'f1390811ceee72f6fe327cdcc7900ed6') in 0.013343 seconds
Number of updated asset objects reloaded before import = 0
Number of asset objects unloaded after import = 1
========================================================================
Received Import Request.
  Time since last request: 0.000123 seconds.
  path: Assets/Low Poly Cars (Free)/Textures/Car Texture 1.png
  artifactKey: Guid(fab40526332a73a4cbe13413bb8bf816) Importer(2089858483,0ecaa5967403d082aa24f35e1b516d23)
Start importing Assets/Low Poly Cars (Free)/Textures/Car Texture 1.png using Guid(fab40526332a73a4cbe13413bb8bf816) Importer(2089858483,0ecaa5967403d082aa24f35e1b516d23) [PhysX] Initialized MultithreadedTaskDispatcher with 12 workers.
 -> (artifact id: '4ebbb27453b74fee7c4b1322806ed85d') in 0.053942 seconds
Number of updated asset objects reloaded before import = 0
Number of asset objects unloaded after import = 1
========================================================================
Received Import Request.
  Time since last request: 0.000076 seconds.
  path: Assets/LowPoly_Foliage/Models/Flowers/Flower_f_a_01.fbx
  artifactKey: Guid(78d093cc6f13a3e469ec51a074b98659) Importer(2089858483,0ecaa5967403d082aa24f35e1b516d23)
Start importing Assets/LowPoly_Foliage/Models/Flowers/Flower_f_a_01.fbx using Guid(78d093cc6f13a3e469ec51a074b98659) Importer(2089858483,0ecaa5967403d082aa24f35e1b516d23) [PhysX] Initialized MultithreadedTaskDispatcher with 12 workers.
 -> (artifact id: '86127f54d75b15b3ed5dcfb227e32cc6') in 0.041995 seconds
Number of updated asset objects reloaded before import = 0
Number of asset objects unloaded after import = 20
========================================================================
Received Import Request.
  Time since last request: 0.000022 seconds.
  path: Assets/Clean Vector Icons/T_1_column_.png
  artifactKey: Guid(2dcc619a49088ab4599cc7e3b756a1ed) Importer(2089858483,0ecaa5967403d082aa24f35e1b516d23)
Start importing Assets/Clean Vector Icons/T_1_column_.png using Guid(2dcc619a49088ab4599cc7e3b756a1ed) Importer(2089858483,0ecaa5967403d082aa24f35e1b516d23) [PhysX] Initialized MultithreadedTaskDispatcher with 12 workers.
 -> (artifact id: 'b61e85e170c79fc27d503143524e10da') in 0.039143 seconds
Number of updated asset objects reloaded before import = 0
Number of asset objects unloaded after import = 3
========================================================================
Received Import Request.
  Time since last request: 0.000029 seconds.
  path: Assets/Editor/FinishGateBuilder.cs
  artifactKey: Guid(5aa5d3ac90f22c94487150fdf74ad022) Importer(2089858483,0ecaa5967403d082aa24f35e1b516d23)
Start importing Assets/Editor/FinishGateBuilder.cs using Guid(5aa5d3ac90f22c94487150fdf74ad022) Importer(2089858483,0ecaa5967403d082aa24f35e1b516d23) [PhysX] Initialized MultithreadedTaskDispatcher with 12 workers.
 -> (artifact id: '54879dd6e26c20a31911c817bdb15299') in 0.015176 seconds
Number of updated asset objects reloaded before import = 0
Number of asset objects unloaded after import = 1
========================================================================
Received Import Request.
  Time since last request: 0.000076 seconds.
  path: Assets/LowPoly_Foliage/Models/Flowers/Flower_d_02.fbx
  artifactKey: Guid(103478efafcb3214ca1d41a03487e2d0) Importer(2089858483,0ecaa5967403d082aa24f35e1b516d23)
Start importing Assets/LowPoly_Foliage/Models/Flowers/Flower_d_02.fbx using Guid(103478efafcb3214ca1d41a03487e2d0) Importer(2089858483,0ecaa5967403d082aa24f35e1b516d23) [PhysX] Initialized MultithreadedTaskDispatcher with 12 workers.
 -> (artifact id: 'd8f0bfa2ea0059a72bf3e9caf1a4f6bd') in 0.036681 seconds
Number of updated asset objects reloaded before import = 0
Number of asset objects unloaded after import = 20
========================================================================
Received Import Request.
  Time since last request: 0.000017 seconds.
  path: Assets/LowPoly_Foliage/Models/Flowers/Flower_a_03.fbx
  artifactKey: Guid(eee6ae227d4e93249b7658fd4493e16c) Importer(2089858483,0ecaa5967403d082aa24f35e1b516d23)
Start importing Assets/LowPoly_Foliage/Models/Flowers/Flower_a_03.fbx using Guid(eee6ae227d4e93249b7658fd4493e16c) Importer(2089858483,0ecaa5967403d082aa24f35e1b516d23) [PhysX] Initialized MultithreadedTaskDispatcher with 12 workers.
 -> (artifact id: '513c5db969cef13d4baba3e69282c0cc') in 0.032943 seconds
Number of updated asset objects reloaded before import = 0
Number of asset objects unloaded after import = 20
========================================================================
Received Import Request.
  Time since last request: 0.000021 seconds.
  path: Assets/LowPoly_Foliage/Models/Flowers/Flower_c_03.fbx
  artifactKey: Guid(f227b43d76e96bb44960855b486508cc) Importer(2089858483,0ecaa5967403d082aa24f35e1b516d23)
Start importing Assets/LowPoly_Foliage/Models/Flowers/Flower_c_03.fbx using Guid(f227b43d76e96bb44960855b486508cc) Importer(2089858483,0ecaa5967403d082aa24f35e1b516d23) [PhysX] Initialized MultithreadedTaskDispatcher with 12 workers.
 -> (artifact id: 'c7657119d7efdd5ef02ace30672939af') in 0.023353 seconds
Number of updated asset objects reloaded before import = 0
Number of asset objects unloaded after import = 20
========================================================================
Received Import Request.
  Time since last request: 0.000044 seconds.
  path: Assets/LowPoly_Foliage/Models/Flowers/Flower_b_03.fbx
  artifactKey: Guid(7c5381d28c28ff045a51be226f4fcd3f) Importer(2089858483,0ecaa5967403d082aa24f35e1b516d23)
Start importing Assets/LowPoly_Foliage/Models/Flowers/Flower_b_03.fbx using Guid(7c5381d28c28ff045a51be226f4fcd3f) Importer(2089858483,0ecaa5967403d082aa24f35e1b516d23) [PhysX] Initialized MultithreadedTaskDispatcher with 12 workers.
 -> (artifact id: 'a1dd5eeb60ea37898fefb60049682468') in 0.036981 seconds
Number of updated asset objects reloaded before import = 0
Number of asset objects unloaded after import = 20
========================================================================
Received Import Request.
  Time since last request: 0.000022 seconds.
  path: Assets/LowPoly_Foliage/Models/Grass/Grass_c_02.fbx
  artifactKey: Guid(46fba06b3b9c97948b9db6c64473a899) Importer(2089858483,0ecaa5967403d082aa24f35e1b516d23)
Start importing Assets/LowPoly_Foliage/Models/Grass/Grass_c_02.fbx using Guid(46fba06b3b9c97948b9db6c64473a899) Importer(2089858483,0ecaa5967403d082aa24f35e1b516d23) [PhysX] Initialized MultithreadedTaskDispatcher with 12 workers.
 -> (artifact id: '6e93985fc246d61c018764c49a9ac93a') in 0.032726 seconds
Number of updated asset objects reloaded before import = 0
Number of asset objects unloaded after import = 15
========================================================================
Received Import Request.
  Time since last request: 0.000031 seconds.
  path: Assets/LowPoly_Foliage/Models/Flowers/Flower_f_b_02.fbx
  artifactKey: Guid(267ba4bd486ed954fa1a28f8cca709fe) Importer(2089858483,0ecaa5967403d082aa24f35e1b516d23)
Start importing Assets/LowPoly_Foliage/Models/Flowers/Flower_f_b_02.fbx using Guid(267ba4bd486ed954fa1a28f8cca709fe) Importer(2089858483,0ecaa5967403d082aa24f35e1b516d23) [PhysX] Initialized MultithreadedTaskDispatcher with 12 workers.
 -> (artifact id: '9aa00ccd3d375ae5d5cf381046cc0495') in 0.040466 seconds
Number of updated asset objects reloaded before import = 0
Number of asset objects unloaded after import = 20
========================================================================
Received Import Request.
  Time since last request: 0.000029 seconds.
  path: Assets/LowPoly_Foliage/Models/Grass/GrassSingle_a_06.fbx
  artifactKey: Guid(954ad080a5c5a6541867353cf944663f) Importer(2089858483,0ecaa5967403d082aa24f35e1b516d23)
Start importing Assets/LowPoly_Foliage/Models/Grass/GrassSingle_a_06.fbx using Guid(954ad080a5c5a6541867353cf944663f) Importer(2089858483,0ecaa5967403d082aa24f35e1b516d23) [PhysX] Initialized MultithreadedTaskDispatcher with 12 workers.
 -> (artifact id: 'eee0118643a63178cca564d9fae37f80') in 0.042624 seconds
Number of updated asset objects reloaded before import = 0
Number of asset objects unloaded after import = 15
========================================================================
Received Import Request.
  Time since last request: 0.000035 seconds.
  path: Assets/LowPoly_Foliage/Models/Flowers/Flower_h_a_01.fbx
  artifactKey: Guid(db1426e04af4f7a4b999ee3ee1e59188) Importer(2089858483,0ecaa5967403d082aa24f35e1b516d23)
Start importing Assets/LowPoly_Foliage/Models/Flowers/Flower_h_a_01.fbx using Guid(db1426e04af4f7a4b999ee3ee1e59188) Importer(2089858483,0ecaa5967403d082aa24f35e1b516d23) [PhysX] Initialized MultithreadedTaskDispatcher with 12 workers.
 -> (artifact id: '7525109fe5ffc4197450f4809f7111c8') in 0.039560 seconds
Number of updated asset objects reloaded before import = 0
Number of asset objects unloaded after import = 20
========================================================================
Received Import Request.
  Time since last request: 0.000027 seconds.
  path: Assets/LowPoly_Foliage/Models/Grass/GrassSingle_c_03.fbx
  artifactKey: Guid(46d09218daeb3654baafae4e1c585837) Importer(2089858483,0ecaa5967403d082aa24f35e1b516d23)
Start importing Assets/LowPoly_Foliage/Models/Grass/GrassSingle_c_03.fbx using Guid(46d09218daeb3654baafae4e1c585837) Importer(2089858483,0ecaa5967403d082aa24f35e1b516d23) [PhysX] Initialized MultithreadedTaskDispatcher with 12 workers.
 -> (artifact id: '8817682563eb7c3c4bf88509044d9b3f') in 0.031203 seconds
Number of updated asset objects reloaded before import = 0
Number of asset objects unloaded after import = 7
========================================================================
Received Import Request.
  Time since last request: 0.000027 seconds.
  path: Assets/LowPoly_Foliage/Models/Grass/Grass_c_04.fbx
  artifactKey: Guid(9b66283e73d69aa449b837308f319c5f) Importer(2089858483,0ecaa5967403d082aa24f35e1b516d23)
Start importing Assets/LowPoly_Foliage/Models/Grass/Grass_c_04.fbx using Guid(9b66283e73d69aa449b837308f319c5f) Importer(2089858483,0ecaa5967403d082aa24f35e1b516d23) [PhysX] Initialized MultithreadedTaskDispatcher with 12 workers.
 -> (artifact id: '8fc2474d8188d5255d026c2147b15e81') in 0.031833 seconds
Number of updated asset objects reloaded before import = 0
Number of asset objects unloaded after import = 15
========================================================================
Received Import Request.
  Time since last request: 0.000025 seconds.
  path: Assets/LowPoly_Foliage/Models/Grass/Grass_b_04.fbx
  artifactKey: Guid(a8ba100e5584f45429750d30f0e53912) Importer(2089858483,0ecaa5967403d082aa24f35e1b516d23)
Start importing Assets/LowPoly_Foliage/Models/Grass/Grass_b_04.fbx using Guid(a8ba100e5584f45429750d30f0e53912) Importer(2089858483,0ecaa5967403d082aa24f35e1b516d23) [PhysX] Initialized MultithreadedTaskDispatcher with 12 workers.
 -> (artifact id: 'c3561ba1de6fa7104bb7aaa49013d8d0') in 0.034211 seconds
Number of updated asset objects reloaded before import = 0
Number of asset objects unloaded after import = 15
========================================================================
Received Import Request.
  Time since last request: 0.000017 seconds.
  path: Assets/LowPoly_Foliage/Models/Bushes/Bush_b_b_01.fbx
  artifactKey: Guid(68194ab0d03c41f4c9e643c866737d21) Importer(2089858483,0ecaa5967403d082aa24f35e1b516d23)
Start importing Assets/LowPoly_Foliage/Models/Bushes/Bush_b_b_01.fbx using Guid(68194ab0d03c41f4c9e643c866737d21) Importer(2089858483,0ecaa5967403d082aa24f35e1b516d23) [PhysX] Initialized MultithreadedTaskDispatcher with 12 workers.
 -> (artifact id: '5356bdf32f8b8e16baedf5d7b238adac') in 0.032723 seconds
Number of updated asset objects reloaded before import = 0
Number of asset objects unloaded after import = 20
========================================================================
Received Import Request.
  Time since last request: 0.000023 seconds.
  path: Assets/LowPoly_Foliage/Models/Bushes/Bush_e_02.fbx
  artifactKey: Guid(6d98fde0552c51a4789d6ecfa25b988e) Importer(2089858483,0ecaa5967403d082aa24f35e1b516d23)
Start importing Assets/LowPoly_Foliage/Models/Bushes/Bush_e_02.fbx using Guid(6d98fde0552c51a4789d6ecfa25b988e) Importer(2089858483,0ecaa5967403d082aa24f35e1b516d23) [PhysX] Initialized MultithreadedTaskDispatcher with 12 workers.
 -> (artifact id: 'e1327b6fcf94783b7b2afdf0ae23dec8') in 0.023721 seconds
Number of updated asset objects reloaded before import = 0
Number of asset objects unloaded after import = 20
========================================================================
Received Import Request.
  Time since last request: 0.000030 seconds.
  path: Assets/Darth_Artisan/Free_Trees/Textures/tree_diffuse.png
  artifactKey: Guid(255283d354122406ebf8159c5ea35b7d) Importer(2089858483,0ecaa5967403d082aa24f35e1b516d23)
Start importing Assets/Darth_Artisan/Free_Trees/Textures/tree_diffuse.png using Guid(255283d354122406ebf8159c5ea35b7d) Importer(2089858483,0ecaa5967403d082aa24f35e1b516d23) [PhysX] Initialized MultithreadedTaskDispatcher with 12 workers.
 -> (artifact id: '95202b489cc990f589ce0743cb143892') in 0.023298 seconds
Number of updated asset objects reloaded before import = 0
Number of asset objects unloaded after import = 1
========================================================================
Received Import Request.
  Time since last request: 0.000041 seconds.
  path: Assets/Clean Vector Icons/T_2_column_cross_.png
  artifactKey: Guid(11e3d102a51b3e1409ff67d202690d8b) Importer(2089858483,0ecaa5967403d082aa24f35e1b516d23)
Start importing Assets/Clean Vector Icons/T_2_column_cross_.png using Guid(11e3d102a51b3e1409ff67d202690d8b) Importer(2089858483,0ecaa5967403d082aa24f35e1b516d23) [PhysX] Initialized MultithreadedTaskDispatcher with 12 workers.
 -> (artifact id: 'd3639d47e799e474e48629b6a269ae07') in 0.022782 seconds
Number of updated asset objects reloaded before import = 0
Number of asset objects unloaded after import = 3
========================================================================
Received Import Request.
  Time since last request: 0.000026 seconds.
  path: Assets/LowPoly_Foliage/Models/Bushes/Bush_g_01.fbx
  artifactKey: Guid(cd1be9a9a3691b74780e7cee1e156648) Importer(2089858483,0ecaa5967403d082aa24f35e1b516d23)
Start importing Assets/LowPoly_Foliage/Models/Bushes/Bush_g_01.fbx using Guid(cd1be9a9a3691b74780e7cee1e156648) Importer(2089858483,0ecaa5967403d082aa24f35e1b516d23) [PhysX] Initialized MultithreadedTaskDispatcher with 12 workers.
 -> (artifact id: '6a44919dfd219062ad4f88fe3e1973fb') in 0.036117 seconds
Number of updated asset objects reloaded before import = 0
Number of asset objects unloaded after import = 20
========================================================================
Received Import Request.
  Time since last request: 0.000026 seconds.
  path: Assets/Prefabs/AudioManager.prefab
  artifactKey: Guid(4b7ba156be98be646a21493796dd895f) Importer(2089858483,0ecaa5967403d082aa24f35e1b516d23)
Start importing Assets/Prefabs/AudioManager.prefab using Guid(4b7ba156be98be646a21493796dd895f) Importer(2089858483,0ecaa5967403d082aa24f35e1b516d23) [PhysX] Initialized MultithreadedTaskDispatcher with 12 workers.
 -> (artifact id: '61c053b5b37bd90a53ef1cc1a0a7c8be') in 0.725523 seconds
Number of updated asset objects reloaded before import = 0
Number of asset objects unloaded after import = 12
========================================================================
Received Import Request.
  Time since last request: 0.000040 seconds.
  path: Assets/LowPoly_Foliage/Models/Mushrooms/Mushroom_b_02.fbx
  artifactKey: Guid(42e1b1be2df4405478d00bf42faaf14b) Importer(2089858483,0ecaa5967403d082aa24f35e1b516d23)
Start importing Assets/LowPoly_Foliage/Models/Mushrooms/Mushroom_b_02.fbx using Guid(42e1b1be2df4405478d00bf42faaf14b) Importer(2089858483,0ecaa5967403d082aa24f35e1b516d23) [PhysX] Initialized MultithreadedTaskDispatcher with 12 workers.
 -> (artifact id: '9f28ed796efed7a4b697fbc0247f3d3a') in 0.032836 seconds
Number of updated asset objects reloaded before import = 0
Number of asset objects unloaded after import = 15
========================================================================
Received Import Request.
  Time since last request: 0.000029 seconds.
  path: Assets/LowPoly_Foliage/Models/Grass/Grass_d_02.fbx
  artifactKey: Guid(c0f59a76426ab12449196a0485a5be76) Importer(2089858483,0ecaa5967403d082aa24f35e1b516d23)
Start importing Assets/LowPoly_Foliage/Models/Grass/Grass_d_02.fbx using Guid(c0f59a76426ab12449196a0485a5be76) Importer(2089858483,0ecaa5967403d082aa24f35e1b516d23) [PhysX] Initialized MultithreadedTaskDispatcher with 12 workers.
 -> (artifact id: '57a8514397f5379dfaf9efe52d1dbe9f') in 0.035949 seconds
Number of updated asset objects reloaded before import = 0
Number of asset objects unloaded after import = 15
========================================================================
Received Import Request.
  Time since last request: 0.000018 seconds.
  path: Assets/Darth_Artisan/Free_Trees/Meshes/Poplar_Tree.fbx
  artifactKey: Guid(186ad8f063dbf430da4d56ebc0cb14e0) Importer(2089858483,0ecaa5967403d082aa24f35e1b516d23)
Start importing Assets/Darth_Artisan/Free_Trees/Meshes/Poplar_Tree.fbx using Guid(186ad8f063dbf430da4d56ebc0cb14e0) Importer(2089858483,0ecaa5967403d082aa24f35e1b516d23) [PhysX] Initialized MultithreadedTaskDispatcher with 12 workers.
 -> (artifact id: '5fa646efe1805d092e2a06e5d3f9c5db') in 0.026113 seconds
Number of updated asset objects reloaded before import = 0
Number of asset objects unloaded after import = 7
========================================================================
Received Import Request.
  Time since last request: 0.000024 seconds.
  path: Assets/Scripts/PlayerManager.cs
  artifactKey: Guid(49be1f6b5cccba84b9ec0b8ad7e11744) Importer(2089858483,0ecaa5967403d082aa24f35e1b516d23)
Start importing Assets/Scripts/PlayerManager.cs using Guid(49be1f6b5cccba84b9ec0b8ad7e11744) Importer(2089858483,0ecaa5967403d082aa24f35e1b516d23) [PhysX] Initialized MultithreadedTaskDispatcher with 12 workers.
 -> (artifact id: 'ae268f1b48f77431c44c0a60f51dddf4') in 0.017392 seconds
Number of updated asset objects reloaded before import = 0
Number of asset objects unloaded after import = 1
========================================================================
Received Import Request.
  Time since last request: 0.000025 seconds.
  path: Assets/LowPoly_Foliage/Models/Bushes/Bush_d_02.fbx
  artifactKey: Guid(435b1505f55c5354c98d973338331c6a) Importer(2089858483,0ecaa5967403d082aa24f35e1b516d23)
Start importing Assets/LowPoly_Foliage/Models/Bushes/Bush_d_02.fbx using Guid(435b1505f55c5354c98d973338331c6a) Importer(2089858483,0ecaa5967403d082aa24f35e1b516d23) [PhysX] Initialized MultithreadedTaskDispatcher with 12 workers.
 -> (artifact id: '342cf4a4ec842ebc90e008654a5328f4') in 0.023330 seconds
Number of updated asset objects reloaded before import = 0
Number of asset objects unloaded after import = 20
========================================================================
Received Import Request.
  Time since last request: 0.000021 seconds.
  path: Assets/LowPoly_Foliage/Models/Grass/GrassSingle_a_01.fbx
  artifactKey: Guid(07838f992cdbf914d90525955683b253) Importer(2089858483,0ecaa5967403d082aa24f35e1b516d23)
Start importing Assets/LowPoly_Foliage/Models/Grass/GrassSingle_a_01.fbx using Guid(07838f992cdbf914d90525955683b253) Importer(2089858483,0ecaa5967403d082aa24f35e1b516d23) [PhysX] Initialized MultithreadedTaskDispatcher with 12 workers.
 -> (artifact id: '55f138325dbaab633437168427e14066') in 0.035041 seconds
Number of updated asset objects reloaded before import = 0
Number of asset objects unloaded after import = 15
========================================================================
Received Import Request.
  Time since last request: 0.000023 seconds.
  path: Assets/LowPoly_Foliage/Models/Leafs/Leave_b_03.fbx
  artifactKey: Guid(ecd81068c266b044bb20a893bd88b327) Importer(2089858483,0ecaa5967403d082aa24f35e1b516d23)
Start importing Assets/LowPoly_Foliage/Models/Leafs/Leave_b_03.fbx using Guid(ecd81068c266b044bb20a893bd88b327) Importer(2089858483,0ecaa5967403d082aa24f35e1b516d23) [PhysX] Initialized MultithreadedTaskDispatcher with 12 workers.
 -> (artifact id: 'b9c7854ddce14501030e719880714242') in 0.034001 seconds
Number of updated asset objects reloaded before import = 0
Number of asset objects unloaded after import = 15
========================================================================
Received Import Request.
  Time since last request: 0.000021 seconds.
  path: Assets/Scripts/PlayerController.cs
  artifactKey: Guid(af4ea02c01dd44941830aa0ec0b35a35) Importer(2089858483,0ecaa5967403d082aa24f35e1b516d23)
Start importing Assets/Scripts/PlayerController.cs using Guid(af4ea02c01dd44941830aa0ec0b35a35) Importer(2089858483,0ecaa5967403d082aa24f35e1b516d23) [PhysX] Initialized MultithreadedTaskDispatcher with 12 workers.
 -> (artifact id: 'bd9515ca6f535cf7be3f9709fecd17d2') in 0.016691 seconds
Number of updated asset objects reloaded before import = 0
Number of asset objects unloaded after import = 1
========================================================================
Received Import Request.
  Time since last request: 0.000142 seconds.
  path: Assets/Resources/turning_cutted.wav
  artifactKey: Guid(3d869d94881af22489d3381fa5574417) Importer(2089858483,0ecaa5967403d082aa24f35e1b516d23)
Start importing Assets/Resources/turning_cutted.wav using Guid(3d869d94881af22489d3381fa5574417) Importer(2089858483,0ecaa5967403d082aa24f35e1b516d23) [PhysX] Initialized MultithreadedTaskDispatcher with 12 workers.
 -> (artifact id: 'da5395fb3c4387429c671345f248541e') in 0.044738 seconds
Number of updated asset objects reloaded before import = 0
Number of asset objects unloaded after import = 1
========================================================================
Received Import Request.
  Time since last request: 0.000056 seconds.
  path: Assets/LowPoly_Foliage/Models/Leafs/LeaveBent_a_01.fbx
  artifactKey: Guid(0ce75b7ab6d80b641988d4111b317393) Importer(2089858483,0ecaa5967403d082aa24f35e1b516d23)
Start importing Assets/LowPoly_Foliage/Models/Leafs/LeaveBent_a_01.fbx using Guid(0ce75b7ab6d80b641988d4111b317393) Importer(2089858483,0ecaa5967403d082aa24f35e1b516d23) [PhysX] Initialized MultithreadedTaskDispatcher with 12 workers.
 -> (artifact id: '2a69373065eb7b20aa213fd6b7ef784a') in 0.037396 seconds
Number of updated asset objects reloaded before import = 0
Number of asset objects unloaded after import = 15
========================================================================
Received Import Request.
  Time since last request: 0.000027 seconds.
  path: Assets/LowPoly_Foliage/Models/Grass/Grass_e_01.fbx
  artifactKey: Guid(4f65142df99234249aecca42227457dd) Importer(2089858483,0ecaa5967403d082aa24f35e1b516d23)
Start importing Assets/LowPoly_Foliage/Models/Grass/Grass_e_01.fbx using Guid(4f65142df99234249aecca42227457dd) Importer(2089858483,0ecaa5967403d082aa24f35e1b516d23) [PhysX] Initialized MultithreadedTaskDispatcher with 12 workers.
 -> (artifact id: '773c632d50e8734c430cb24d8502f287') in 0.031227 seconds
Number of updated asset objects reloaded before import = 0
Number of asset objects unloaded after import = 7
========================================================================
Received Import Request.
  Time since last request: 0.000038 seconds.
  path: Assets/Prefabs/Tile9.prefab
  artifactKey: Guid(7cafe694931fa3449ab2aee68bbbafa4) Importer(2089858483,0ecaa5967403d082aa24f35e1b516d23)
Start importing Assets/Prefabs/Tile9.prefab using Guid(7cafe694931fa3449ab2aee68bbbafa4) Importer(2089858483,0ecaa5967403d082aa24f35e1b516d23) [PhysX] Initialized MultithreadedTaskDispatcher with 12 workers.
 -> (artifact id: '0396ea8be966e561ce56ddaa79b692c9') in 0.028221 seconds
Number of updated asset objects reloaded before import = 0
Number of asset objects unloaded after import = 113
========================================================================
Received Import Request.
  Time since last request: 0.000023 seconds.
  path: Assets/LowPoly_Foliage/Models/Plants/Plant_f_02.fbx
  artifactKey: Guid(0b876235151f5694aa743b7b42d4733b) Importer(2089858483,0ecaa5967403d082aa24f35e1b516d23)
Start importing Assets/LowPoly_Foliage/Models/Plants/Plant_f_02.fbx using Guid(0b876235151f5694aa743b7b42d4733b) Importer(2089858483,0ecaa5967403d082aa24f35e1b516d23) [PhysX] Initialized MultithreadedTaskDispatcher with 12 workers.
 -> (artifact id: '6d8a732422b8dc2ec0c2e9444cd4d145') in 0.038411 seconds
Number of updated asset objects reloaded before import = 0
Number of asset objects unloaded after import = 20
========================================================================
Received Import Request.
  Time since last request: 0.000020 seconds.
  path: Assets/LowPoly_Foliage/Models/Plants/Plant_a_01.fbx
  artifactKey: Guid(b1c7f2bf99513db4189f31158bc47826) Importer(2089858483,0ecaa5967403d082aa24f35e1b516d23)
Start importing Assets/LowPoly_Foliage/Models/Plants/Plant_a_01.fbx using Guid(b1c7f2bf99513db4189f31158bc47826) Importer(2089858483,0ecaa5967403d082aa24f35e1b516d23) [PhysX] Initialized MultithreadedTaskDispatcher with 12 workers.
 -> (artifact id: '8e24bb2da586c576748680190dcb1b16') in 0.036601 seconds
Number of updated asset objects reloaded before import = 0
Number of asset objects unloaded after import = 20
========================================================================
Received Import Request.
  Time since last request: 0.000031 seconds.
  path: Assets/LowPoly_Foliage/Models/Plants/Plant_i_02.fbx
  artifactKey: Guid(f4cde580bfe8bac4caa6514abd32244e) Importer(2089858483,0ecaa5967403d082aa24f35e1b516d23)
Start importing Assets/LowPoly_Foliage/Models/Plants/Plant_i_02.fbx using Guid(f4cde580bfe8bac4caa6514abd32244e) Importer(2089858483,0ecaa5967403d082aa24f35e1b516d23) [PhysX] Initialized MultithreadedTaskDispatcher with 12 workers.
 -> (artifact id: '069fa9a3d9b80e2d8ef5533ab39e2aa5') in 0.039335 seconds
Number of updated asset objects reloaded before import = 0
Number of asset objects unloaded after import = 20
========================================================================
Received Import Request.
  Time since last request: 0.000022 seconds.
  path: Assets/LowPoly_Foliage/Models/Plants/Plant_c_03.fbx
  artifactKey: Guid(29efb15b5f13e7f4c9c6e05f842f7751) Importer(2089858483,0ecaa5967403d082aa24f35e1b516d23)
Start importing Assets/LowPoly_Foliage/Models/Plants/Plant_c_03.fbx using Guid(29efb15b5f13e7f4c9c6e05f842f7751) Importer(2089858483,0ecaa5967403d082aa24f35e1b516d23) [PhysX] Initialized MultithreadedTaskDispatcher with 12 workers.
 -> (artifact id: 'cdc0e234308bec358cf9edc580160959') in 0.035498 seconds
Number of updated asset objects reloaded before import = 0
Number of asset objects unloaded after import = 20
========================================================================
Received Import Request.
  Time since last request: 0.000045 seconds.
  path: Assets/LowPoly_Foliage/Models/Plants/Plant_e_02.fbx
  artifactKey: Guid(e97b73ea7fcdfb04c80f95c233816f99) Importer(2089858483,0ecaa5967403d082aa24f35e1b516d23)
Start importing Assets/LowPoly_Foliage/Models/Plants/Plant_e_02.fbx using Guid(e97b73ea7fcdfb04c80f95c233816f99) Importer(2089858483,0ecaa5967403d082aa24f35e1b516d23) [PhysX] Initialized MultithreadedTaskDispatcher with 12 workers.
 -> (artifact id: 'fcf48520364e8eb71bd5631f8fdb659d') in 0.034161 seconds
Number of updated asset objects reloaded before import = 0
Number of asset objects unloaded after import = 20
========================================================================
Received Import Request.
  Time since last request: 0.000017 seconds.
  path: Assets/LowPoly_Foliage/Models/Mushrooms/Mushroom_g_b_02.fbx
  artifactKey: Guid(eebb0e5271ae2674bb8f886276ea1dea) Importer(2089858483,0ecaa5967403d082aa24f35e1b516d23)
Start importing Assets/LowPoly_Foliage/Models/Mushrooms/Mushroom_g_b_02.fbx using Guid(eebb0e5271ae2674bb8f886276ea1dea) Importer(2089858483,0ecaa5967403d082aa24f35e1b516d23) [PhysX] Initialized MultithreadedTaskDispatcher with 12 workers.
 -> (artifact id: 'd8c83d48b4c478430f4b21f382036fb1') in 0.031165 seconds
Number of updated asset objects reloaded before import = 0
Number of asset objects unloaded after import = 15
========================================================================
Received Import Request.
  Time since last request: 0.000029 seconds.
  path: Assets/LowPoly_Foliage/Models/Plants/Plant_f_01.fbx
  artifactKey: Guid(bdbd6305469f0ea49b4a64d22150db5b) Importer(2089858483,0ecaa5967403d082aa24f35e1b516d23)
Start importing Assets/LowPoly_Foliage/Models/Plants/Plant_f_01.fbx using Guid(bdbd6305469f0ea49b4a64d22150db5b) Importer(2089858483,0ecaa5967403d082aa24f35e1b516d23) [PhysX] Initialized MultithreadedTaskDispatcher with 12 workers.
 -> (artifact id: 'e88246b4c66b0c4ad11c10b4a90ba154') in 0.034069 seconds
Number of updated asset objects reloaded before import = 0
Number of asset objects unloaded after import = 20
========================================================================
Received Import Request.
  Time since last request: 0.000021 seconds.
  path: Assets/LowPoly_Foliage/Models/Flowers/Flower_b_01.fbx
  artifactKey: Guid(9fc29836f9cb9bf4da2cad18b346a21b) Importer(2089858483,0ecaa5967403d082aa24f35e1b516d23)
Start importing Assets/LowPoly_Foliage/Models/Flowers/Flower_b_01.fbx using Guid(9fc29836f9cb9bf4da2cad18b346a21b) Importer(2089858483,0ecaa5967403d082aa24f35e1b516d23) [PhysX] Initialized MultithreadedTaskDispatcher with 12 workers.
 -> (artifact id: '606a209c7f792ddef385d325ab7ef6e8') in 0.022166 seconds
Number of updated asset objects reloaded before import = 0
Number of asset objects unloaded after import = 20
========================================================================
Received Import Request.
  Time since last request: 0.000023 seconds.
  path: Assets/LowPoly_Foliage/Models/Mushrooms/Mushroom_d_a_02.fbx
  artifactKey: Guid(4fde28581441dfd47a7aa926dbb98d46) Importer(2089858483,0ecaa5967403d082aa24f35e1b516d23)
Start importing Assets/LowPoly_Foliage/Models/Mushrooms/Mushroom_d_a_02.fbx using Guid(4fde28581441dfd47a7aa926dbb98d46) Importer(2089858483,0ecaa5967403d082aa24f35e1b516d23) [PhysX] Initialized MultithreadedTaskDispatcher with 12 workers.
 -> (artifact id: 'dea358fafaba7cf9933fe8063a2490a8') in 0.033708 seconds
Number of updated asset objects reloaded before import = 0
Number of asset objects unloaded after import = 15
========================================================================
Received Import Request.
  Time since last request: 0.000018 seconds.
  path: Assets/LowPoly_Foliage/Models/Leafs/LeaveBent_b_02.fbx
  artifactKey: Guid(7f6df7ff5673a6a45ac4844edd11d71d) Importer(2089858483,0ecaa5967403d082aa24f35e1b516d23)
Start importing Assets/LowPoly_Foliage/Models/Leafs/LeaveBent_b_02.fbx using Guid(7f6df7ff5673a6a45ac4844edd11d71d) Importer(2089858483,0ecaa5967403d082aa24f35e1b516d23) [PhysX] Initialized MultithreadedTaskDispatcher with 12 workers.
 -> (artifact id: '5e634b730d5468c8946505529245cf75') in 0.034407 seconds
Number of updated asset objects reloaded before import = 0
Number of asset objects unloaded after import = 15
========================================================================
Received Import Request.
  Time since last request: 0.000018 seconds.
  path: Assets/LowPoly_Foliage/Models/Mushrooms/Mushroom_a_01.fbx
  artifactKey: Guid(3df978bde9cd5434da4c2581344c76b3) Importer(2089858483,0ecaa5967403d082aa24f35e1b516d23)
Start importing Assets/LowPoly_Foliage/Models/Mushrooms/Mushroom_a_01.fbx using Guid(3df978bde9cd5434da4c2581344c76b3) Importer(2089858483,0ecaa5967403d082aa24f35e1b516d23) [PhysX] Initialized MultithreadedTaskDispatcher with 12 workers.
 -> (artifact id: '17d694da372212b3a447b05e5c4bb255') in 0.033869 seconds
Number of updated asset objects reloaded before import = 0
Number of asset objects unloaded after import = 15
========================================================================
Received Import Request.
  Time since last request: 0.000018 seconds.
  path: Assets/LowPoly_Foliage/Models/Grass/Grass_h_03.fbx
  artifactKey: Guid(f1830a0d709295c428733c6863b0c671) Importer(2089858483,0ecaa5967403d082aa24f35e1b516d23)
Start importing Assets/LowPoly_Foliage/Models/Grass/Grass_h_03.fbx using Guid(f1830a0d709295c428733c6863b0c671) Importer(2089858483,0ecaa5967403d082aa24f35e1b516d23) [PhysX] Initialized MultithreadedTaskDispatcher with 12 workers.
 -> (artifact id: 'd07394a51da6b3d6598a202c0d941e08') in 0.034071 seconds
Number of updated asset objects reloaded before import = 0
Number of asset objects unloaded after import = 15
========================================================================
Received Import Request.
  Time since last request: 0.000046 seconds.
  path: Assets/LowPoly_Foliage/Models/Leafs/Leave_b_02.fbx
  artifactKey: Guid(89828f8e4913755479d544fb3b27da74) Importer(2089858483,0ecaa5967403d082aa24f35e1b516d23)
Start importing Assets/LowPoly_Foliage/Models/Leafs/Leave_b_02.fbx using Guid(89828f8e4913755479d544fb3b27da74) Importer(2089858483,0ecaa5967403d082aa24f35e1b516d23) [PhysX] Initialized MultithreadedTaskDispatcher with 12 workers.
 -> (artifact id: 'ce3386a3a34e1cd6a453972083a4413d') in 0.029695 seconds
Number of updated asset objects reloaded before import = 0
Number of asset objects unloaded after import = 15
========================================================================
Received Import Request.
  Time since last request: 0.000025 seconds.
  path: Assets/LowPoly_Foliage/Models/Mushrooms/Mushroom_c_02.fbx
  artifactKey: Guid(75eb2c140851eee49a9a9a02073a1871) Importer(2089858483,0ecaa5967403d082aa24f35e1b516d23)
Start importing Assets/LowPoly_Foliage/Models/Mushrooms/Mushroom_c_02.fbx using Guid(75eb2c140851eee49a9a9a02073a1871) Importer(2089858483,0ecaa5967403d082aa24f35e1b516d23) [PhysX] Initialized MultithreadedTaskDispatcher with 12 workers.
 -> (artifact id: '96e636b4c884b718cd06f639b6200c6e') in 0.022757 seconds
Number of updated asset objects reloaded before import = 0
Number of asset objects unloaded after import = 15
========================================================================
Received Import Request.
  Time since last request: 0.000018 seconds.
  path: Assets/LowPoly_Foliage/Models/Plants/Plant_c_01.fbx
  artifactKey: Guid(e34db991f89c4764fa6c1bf0b0d58e81) Importer(2089858483,0ecaa5967403d082aa24f35e1b516d23)
Start importing Assets/LowPoly_Foliage/Models/Plants/Plant_c_01.fbx using Guid(e34db991f89c4764fa6c1bf0b0d58e81) Importer(2089858483,0ecaa5967403d082aa24f35e1b516d23) [PhysX] Initialized MultithreadedTaskDispatcher with 12 workers.
 -> (artifact id: 'cfd955399b2bcf4acae3cc109d50d26b') in 0.037476 seconds
Number of updated asset objects reloaded before import = 0
Number of asset objects unloaded after import = 20
========================================================================
Received Import Request.
  Time since last request: 0.000019 seconds.
  path: Assets/LowPoly_Foliage/Models/Flowers/Materials/Petal_Red_01.mat
  artifactKey: Guid(d3c81905814a050438de80827deadebc) Importer(2089858483,0ecaa5967403d082aa24f35e1b516d23)
Start importing Assets/LowPoly_Foliage/Models/Flowers/Materials/Petal_Red_01.mat using Guid(d3c81905814a050438de80827deadebc) Importer(2089858483,0ecaa5967403d082aa24f35e1b516d23) [PhysX] Initialized MultithreadedTaskDispatcher with 12 workers.
 -> (artifact id: '0b0967e87f33c35615f263e5e0036160') in 0.044227 seconds
Number of updated asset objects reloaded before import = 0
Number of asset objects unloaded after import = 1
========================================================================
Received Import Request.
  Time since last request: 0.000030 seconds.
  path: Assets/LowPoly_Foliage/Models/Grass/Materials/Grass_Green_02.mat
  artifactKey: Guid(2c457b16c5a7d21419ad48764967f69f) Importer(2089858483,0ecaa5967403d082aa24f35e1b516d23)
Start importing Assets/LowPoly_Foliage/Models/Grass/Materials/Grass_Green_02.mat using Guid(2c457b16c5a7d21419ad48764967f69f) Importer(2089858483,0ecaa5967403d082aa24f35e1b516d23) [PhysX] Initialized MultithreadedTaskDispatcher with 12 workers.
 -> (artifact id: '0c131d24fe40247fd66d8d284916105e') in 0.031246 seconds
Number of updated asset objects reloaded before import = 0
Number of asset objects unloaded after import = 1
========================================================================
Received Import Request.
  Time since last request: 0.000040 seconds.
  path: Assets/LowPoly_Foliage/Models/Flowers/Materials/Stem_Green_01.mat
  artifactKey: Guid(034ca4249a7f3bc45b1dccc424cf439a) Importer(2089858483,0ecaa5967403d082aa24f35e1b516d23)
Start importing Assets/LowPoly_Foliage/Models/Flowers/Materials/Stem_Green_01.mat using Guid(034ca4249a7f3bc45b1dccc424cf439a) Importer(2089858483,0ecaa5967403d082aa24f35e1b516d23) [PhysX] Initialized MultithreadedTaskDispatcher with 12 workers.
 -> (artifact id: 'f372a0b14ffe462d3b78f05a1530d525') in 0.030574 seconds
Number of updated asset objects reloaded before import = 0
Number of asset objects unloaded after import = 1
========================================================================
Received Import Request.
  Time since last request: 0.000053 seconds.
  path: Assets/LowPoly_Foliage/Models/Flowers/Materials/Nectar_White_01.mat
  artifactKey: Guid(81336d5588be8ba49a35b36f8d9c652d) Importer(2089858483,0ecaa5967403d082aa24f35e1b516d23)
Start importing Assets/LowPoly_Foliage/Models/Flowers/Materials/Nectar_White_01.mat using Guid(81336d5588be8ba49a35b36f8d9c652d) Importer(2089858483,0ecaa5967403d082aa24f35e1b516d23) [PhysX] Initialized MultithreadedTaskDispatcher with 12 workers.
 -> (artifact id: '51804c647e7b29dfa8265babff651804') in 0.027873 seconds
Number of updated asset objects reloaded before import = 0
Number of asset objects unloaded after import = 1
========================================================================
Received Import Request.
  Time since last request: 0.000025 seconds.
  path: Assets/LowPoly_Foliage/Models/Leafs/Materials/Leaf_Brown_01.mat
  artifactKey: Guid(a6c6c4eb7ac70d34ab1754462e33aef8) Importer(2089858483,0ecaa5967403d082aa24f35e1b516d23)
Start importing Assets/LowPoly_Foliage/Models/Leafs/Materials/Leaf_Brown_01.mat using Guid(a6c6c4eb7ac70d34ab1754462e33aef8) Importer(2089858483,0ecaa5967403d082aa24f35e1b516d23) [PhysX] Initialized MultithreadedTaskDispatcher with 12 workers.
 -> (artifact id: '548097fbf453e8c28d21c63624fa770f') in 0.026895 seconds
Number of updated asset objects reloaded before import = 0
Number of asset objects unloaded after import = 1
========================================================================
Received Import Request.
  Time since last request: 0.000048 seconds.
  path: Assets/LowPoly_Foliage/Models/Flowers/Materials/Leaves_Orange_01.mat
  artifactKey: Guid(7e4bf87a368341e45a43d598df135c67) Importer(2089858483,0ecaa5967403d082aa24f35e1b516d23)
Start importing Assets/LowPoly_Foliage/Models/Flowers/Materials/Leaves_Orange_01.mat using Guid(7e4bf87a368341e45a43d598df135c67) Importer(2089858483,0ecaa5967403d082aa24f35e1b516d23) [PhysX] Initialized MultithreadedTaskDispatcher with 12 workers.
 -> (artifact id: 'f1ea79886ce2044626fd75573fb90f48') in 0.025841 seconds
Number of updated asset objects reloaded before import = 0
Number of asset objects unloaded after import = 1
========================================================================
Received Import Request.
  Time since last request: 0.000060 seconds.
  path: Assets/LowPoly_Foliage/Models/Grass/Materials/Grass_Brown_01.mat
  artifactKey: Guid(988037b35d2eb5145918134593779ccb) Importer(2089858483,0ecaa5967403d082aa24f35e1b516d23)
Start importing Assets/LowPoly_Foliage/Models/Grass/Materials/Grass_Brown_01.mat using Guid(988037b35d2eb5145918134593779ccb) Importer(2089858483,0ecaa5967403d082aa24f35e1b516d23) [PhysX] Initialized MultithreadedTaskDispatcher with 12 workers.
 -> (artifact id: 'b403ce235aa518b2116df43cf14d244e') in 0.025870 seconds
Number of updated asset objects reloaded before import = 0
Number of asset objects unloaded after import = 1
========================================================================
Received Import Request.
  Time since last request: 0.000165 seconds.
  path: Assets/LowPoly_Foliage/Models/Mushrooms/Materials/Head_Yellow_02.mat
  artifactKey: Guid(0f8465d65e250fb49b748397c5212f66) Importer(2089858483,0ecaa5967403d082aa24f35e1b516d23)
Start importing Assets/LowPoly_Foliage/Models/Mushrooms/Materials/Head_Yellow_02.mat using Guid(0f8465d65e250fb49b748397c5212f66) Importer(2089858483,0ecaa5967403d082aa24f35e1b516d23) [PhysX] Initialized MultithreadedTaskDispatcher with 12 workers.
 -> (artifact id: '621b68ea59dd427e89e5019930849f90') in 0.027549 seconds
Number of updated asset objects reloaded before import = 0
Number of asset objects unloaded after import = 1
========================================================================
Received Import Request.
  Time since last request: 0.000041 seconds.
  path: Assets/LowPoly_Foliage/Models/Bushes/Materials/Stem_Brown_01.mat
  artifactKey: Guid(e33bc64471dfa3244ac0f04379e37a2e) Importer(2089858483,0ecaa5967403d082aa24f35e1b516d23)
Start importing Assets/LowPoly_Foliage/Models/Bushes/Materials/Stem_Brown_01.mat using Guid(e33bc64471dfa3244ac0f04379e37a2e) Importer(2089858483,0ecaa5967403d082aa24f35e1b516d23) [PhysX] Initialized MultithreadedTaskDispatcher with 12 workers.
 -> (artifact id: 'b77319d57affe9d5397c3c9a93726eee') in 0.020111 seconds
Number of updated asset objects reloaded before import = 0
Number of asset objects unloaded after import = 1
========================================================================
Received Import Request.
  Time since last request: 0.000026 seconds.
  path: Assets/LowPoly_Foliage/Models/Bushes/Materials/Leafs_Green_01.mat
  artifactKey: Guid(7235da8c57463d249a628233f4193ee2) Importer(2089858483,0ecaa5967403d082aa24f35e1b516d23)
Start importing Assets/LowPoly_Foliage/Models/Bushes/Materials/Leafs_Green_01.mat using Guid(7235da8c57463d249a628233f4193ee2) Importer(2089858483,0ecaa5967403d082aa24f35e1b516d23) [PhysX] Initialized MultithreadedTaskDispatcher with 12 workers.
 -> (artifact id: '470c36d723a1f41ef6af31679aa0fe60') in 0.027555 seconds
Number of updated asset objects reloaded before import = 0
Number of asset objects unloaded after import = 1
========================================================================
Received Import Request.
  Time since last request: 0.000132 seconds.
  path: Assets/LowPoly_Foliage/Models/Flowers/Materials/Leaves_Green_01.mat
  artifactKey: Guid(b913f1f594a07bf4dae7809d47ca95c1) Importer(2089858483,0ecaa5967403d082aa24f35e1b516d23)
Start importing Assets/LowPoly_Foliage/Models/Flowers/Materials/Leaves_Green_01.mat using Guid(b913f1f594a07bf4dae7809d47ca95c1) Importer(2089858483,0ecaa5967403d082aa24f35e1b516d23) [PhysX] Initialized MultithreadedTaskDispatcher with 12 workers.
 -> (artifact id: '64391537299da66eb60b2bf1a2d18fc0') in 0.028403 seconds
Number of updated asset objects reloaded before import = 0
Number of asset objects unloaded after import = 1
========================================================================
Received Import Request.
  Time since last request: 0.000067 seconds.
  path: Assets/LowPoly_Foliage/Models/Flowers/Materials/Petal_Blue_01.mat
  artifactKey: Guid(4ac032424d0af5f4c9d8975ef2515ccb) Importer(2089858483,0ecaa5967403d082aa24f35e1b516d23)
Start importing Assets/LowPoly_Foliage/Models/Flowers/Materials/Petal_Blue_01.mat using Guid(4ac032424d0af5f4c9d8975ef2515ccb) Importer(2089858483,0ecaa5967403d082aa24f35e1b516d23) [PhysX] Initialized MultithreadedTaskDispatcher with 12 workers.
 -> (artifact id: '16bbb2e3c54f54c8765608bcf7490f1a') in 0.025438 seconds
Number of updated asset objects reloaded before import = 0
Number of asset objects unloaded after import = 1
========================================================================
Received Import Request.
  Time since last request: 0.000033 seconds.
  path: Assets/LowPoly_Foliage/Models/Flowers/Materials/Nectar_Red_01.mat
  artifactKey: Guid(2993e50daa51b0c4b80e34ee6f931b6e) Importer(2089858483,0ecaa5967403d082aa24f35e1b516d23)
Start importing Assets/LowPoly_Foliage/Models/Flowers/Materials/Nectar_Red_01.mat using Guid(2993e50daa51b0c4b80e34ee6f931b6e) Importer(2089858483,0ecaa5967403d082aa24f35e1b516d23) [PhysX] Initialized MultithreadedTaskDispatcher with 12 workers.
 -> (artifact id: '42443e6b1cd15e0ef0d9b879ff6b5f26') in 0.028977 seconds
Number of updated asset objects reloaded before import = 0
Number of asset objects unloaded after import = 1
========================================================================
Received Import Request.
  Time since last request: 0.000045 seconds.
  path: Assets/LowPoly_Foliage/Models/Leafs/Leave_a_02.fbx
  artifactKey: Guid(afb6b64ad3705a144a39bf2c3ba7d08f) Importer(2089858483,0ecaa5967403d082aa24f35e1b516d23)
Start importing Assets/LowPoly_Foliage/Models/Leafs/Leave_a_02.fbx using Guid(afb6b64ad3705a144a39bf2c3ba7d08f) Importer(2089858483,0ecaa5967403d082aa24f35e1b516d23) [PhysX] Initialized MultithreadedTaskDispatcher with 12 workers.
 -> (artifact id: '90b3d10b66ea5ee0b380a52989c89b5b') in 0.030823 seconds
Number of updated asset objects reloaded before import = 0
Number of asset objects unloaded after import = 15
========================================================================
Received Import Request.
  Time since last request: 0.000025 seconds.
  path: Assets/LowPoly_Foliage/Models/Plants/Plant_a_03.fbx
  artifactKey: Guid(7ce80634a48a7074bbf533628c18a50c) Importer(2089858483,0ecaa5967403d082aa24f35e1b516d23)
Start importing Assets/LowPoly_Foliage/Models/Plants/Plant_a_03.fbx using Guid(7ce80634a48a7074bbf533628c18a50c) Importer(2089858483,0ecaa5967403d082aa24f35e1b516d23) [PhysX] Initialized MultithreadedTaskDispatcher with 12 workers.
 -> (artifact id: '14f3a749f90a6d8c80c3b8c1bc7302c8') in 0.035811 seconds
Number of updated asset objects reloaded before import = 0
Number of asset objects unloaded after import = 20
========================================================================
Received Import Request.
  Time since last request: 0.000021 seconds.
  path: Assets/Resources/coin_collect.wav
  artifactKey: Guid(dba815595305dc14d8dc95f572e9a137) Importer(2089858483,0ecaa5967403d082aa24f35e1b516d23)
Start importing Assets/Resources/coin_collect.wav using Guid(dba815595305dc14d8dc95f572e9a137) Importer(2089858483,0ecaa5967403d082aa24f35e1b516d23) [PhysX] Initialized MultithreadedTaskDispatcher with 12 workers.
 -> (artifact id: 'e59b3debd3bc6874b97e2006aeda7c21') in 0.035560 seconds
Number of updated asset objects reloaded before import = 0
Number of asset objects unloaded after import = 1
========================================================================
Received Import Request.
  Time since last request: 0.000020 seconds.
  path: Assets/LowPoly_Foliage/Models/Flowers/Materials/Petal_Purple_01.mat
  artifactKey: Guid(82efcbfc90676df4f80ad02713c5da58) Importer(2089858483,0ecaa5967403d082aa24f35e1b516d23)
Start importing Assets/LowPoly_Foliage/Models/Flowers/Materials/Petal_Purple_01.mat using Guid(82efcbfc90676df4f80ad02713c5da58) Importer(2089858483,0ecaa5967403d082aa24f35e1b516d23) [PhysX] Initialized MultithreadedTaskDispatcher with 12 workers.
 -> (artifact id: 'a1938272e31e0704c5b615efb0079059') in 0.027222 seconds
Number of updated asset objects reloaded before import = 0
Number of asset objects unloaded after import = 1
========================================================================
Received Import Request.
  Time since last request: 0.000041 seconds.
  path: Assets/LowPoly_Foliage/Models/Plants/Materials/Leave_Green_01.mat
  artifactKey: Guid(6de4296607a807f469ada92db8eea81b) Importer(2089858483,0ecaa5967403d082aa24f35e1b516d23)
Start importing Assets/LowPoly_Foliage/Models/Plants/Materials/Leave_Green_01.mat using Guid(6de4296607a807f469ada92db8eea81b) Importer(2089858483,0ecaa5967403d082aa24f35e1b516d23) [PhysX] Initialized MultithreadedTaskDispatcher with 12 workers.
 -> (artifact id: 'f8d41da0d0e856161199eca727406d0a') in 0.028343 seconds
Number of updated asset objects reloaded before import = 0
Number of asset objects unloaded after import = 1
========================================================================
Received Import Request.
  Time since last request: 0.000034 seconds.
  path: Assets/LowPoly_Foliage/Models/Mushrooms/Materials/Stem_White_01.mat
  artifactKey: Guid(9b82eb9fe9949dd44855ecab955ebdfd) Importer(2089858483,0ecaa5967403d082aa24f35e1b516d23)
Start importing Assets/LowPoly_Foliage/Models/Mushrooms/Materials/Stem_White_01.mat using Guid(9b82eb9fe9949dd44855ecab955ebdfd) Importer(2089858483,0ecaa5967403d082aa24f35e1b516d23) [PhysX] Initialized MultithreadedTaskDispatcher with 12 workers.
 -> (artifact id: 'c58b40cc809b11c004d0c9785336d998') in 0.015386 seconds
Number of updated asset objects reloaded before import = 0
Number of asset objects unloaded after import = 1
========================================================================
Received Import Request.
  Time since last request: 0.000028 seconds.
  path: Assets/LowPoly_Foliage/Models/Plants/Materials/Leaves_Green_02.mat
  artifactKey: Guid(5bfc2e89caf843d4c9614900018704fc) Importer(2089858483,0ecaa5967403d082aa24f35e1b516d23)
Start importing Assets/LowPoly_Foliage/Models/Plants/Materials/Leaves_Green_02.mat using Guid(5bfc2e89caf843d4c9614900018704fc) Importer(2089858483,0ecaa5967403d082aa24f35e1b516d23) [PhysX] Initialized MultithreadedTaskDispatcher with 12 workers.
 -> (artifact id: '14286edc80e4b5c857d0ccbc3cd6cab1') in 0.030571 seconds
Number of updated asset objects reloaded before import = 0
Number of asset objects unloaded after import = 1
========================================================================
Received Import Request.
  Time since last request: 0.000085 seconds.
  path: Assets/Darth_Artisan/Free_Trees/Meshes/Oak_Tree.fbx
  artifactKey: Guid(6d58037af810b4021ac921a71033e575) Importer(2089858483,0ecaa5967403d082aa24f35e1b516d23)
Start importing Assets/Darth_Artisan/Free_Trees/Meshes/Oak_Tree.fbx using Guid(6d58037af810b4021ac921a71033e575) Importer(2089858483,0ecaa5967403d082aa24f35e1b516d23) [PhysX] Initialized MultithreadedTaskDispatcher with 12 workers.
 -> (artifact id: '75b14c490dcd944b9e1077f816022447') in 0.021836 seconds
Number of updated asset objects reloaded before import = 0
Number of asset objects unloaded after import = 7
========================================================================
Received Import Request.
  Time since last request: 0.000019 seconds.
  path: Assets/LowPoly_Foliage/Models/Leafs/LeaveBent_d_02.fbx
  artifactKey: Guid(72f0170f606d18948878d72ff101d9c8) Importer(2089858483,0ecaa5967403d082aa24f35e1b516d23)
Start importing Assets/LowPoly_Foliage/Models/Leafs/LeaveBent_d_02.fbx using Guid(72f0170f606d18948878d72ff101d9c8) Importer(2089858483,0ecaa5967403d082aa24f35e1b516d23) [PhysX] Initialized MultithreadedTaskDispatcher with 12 workers.
 -> (artifact id: 'c4321ea87bd2654988a233bf4eeb1f65') in 0.034886 seconds
Number of updated asset objects reloaded before import = 0
Number of asset objects unloaded after import = 15
========================================================================
Received Import Request.
  Time since last request: 0.000023 seconds.
  path: Assets/LowPoly_Foliage/Models/Plants/Plant_h_01.fbx
  artifactKey: Guid(8731d26bee3582344904d69dc3f678f3) Importer(2089858483,0ecaa5967403d082aa24f35e1b516d23)
Start importing Assets/LowPoly_Foliage/Models/Plants/Plant_h_01.fbx using Guid(8731d26bee3582344904d69dc3f678f3) Importer(2089858483,0ecaa5967403d082aa24f35e1b516d23) [PhysX] Initialized MultithreadedTaskDispatcher with 12 workers.
 -> (artifact id: 'f7472dd3cf20ffcdbb07cb44c7e6eca3') in 0.036805 seconds
Number of updated asset objects reloaded before import = 0
Number of asset objects unloaded after import = 20
========================================================================
Received Import Request.
  Time since last request: 0.000039 seconds.
  path: Assets/Resources/Banner_HPC.png
  artifactKey: Guid(3d0b3aa58b2951d47a51881e234b1810) Importer(2089858483,0ecaa5967403d082aa24f35e1b516d23)
Start importing Assets/Resources/Banner_HPC.png using Guid(3d0b3aa58b2951d47a51881e234b1810) Importer(2089858483,0ecaa5967403d082aa24f35e1b516d23) [PhysX] Initialized MultithreadedTaskDispatcher with 12 workers.
 -> (artifact id: 'd3e838d05788eb53407fd6c0f29e6739') in 0.035621 seconds
Number of updated asset objects reloaded before import = 0
Number of asset objects unloaded after import = 3
========================================================================
Received Import Request.
  Time since last request: 0.000021 seconds.
  path: Assets/LowPoly_Foliage/Models/Plants/Plant_d_01.fbx
  artifactKey: Guid(7e51acfae3876294ebd7ad0f91fae6a4) Importer(2089858483,0ecaa5967403d082aa24f35e1b516d23)
Start importing Assets/LowPoly_Foliage/Models/Plants/Plant_d_01.fbx using Guid(7e51acfae3876294ebd7ad0f91fae6a4) Importer(2089858483,0ecaa5967403d082aa24f35e1b516d23) [PhysX] Initialized MultithreadedTaskDispatcher with 12 workers.
 -> (artifact id: '75959f7f264a4dce4ab1570dc050a0ea') in 0.037764 seconds
Number of updated asset objects reloaded before import = 0
Number of asset objects unloaded after import = 20
========================================================================
Received Import Request.
  Time since last request: 0.000026 seconds.
  path: Assets/LowPoly_Foliage/Models/Leafs/Leave_c_01.fbx
  artifactKey: Guid(4e0daa057c903be4aad48cb237cd7416) Importer(2089858483,0ecaa5967403d082aa24f35e1b516d23)
Start importing Assets/LowPoly_Foliage/Models/Leafs/Leave_c_01.fbx using Guid(4e0daa057c903be4aad48cb237cd7416) Importer(2089858483,0ecaa5967403d082aa24f35e1b516d23) [PhysX] Initialized MultithreadedTaskDispatcher with 12 workers.
 -> (artifact id: '67a4049c067baf07b7b83cf02412284e') in 0.031437 seconds
Number of updated asset objects reloaded before import = 0
Number of asset objects unloaded after import = 15
========================================================================
Received Import Request.
  Time since last request: 0.000020 seconds.
  path: Assets/LowPoly_Foliage/Models/Flowers/Materials/Petal_Orange_01.mat
  artifactKey: Guid(70bcc9acb34e69c49b95986df35620be) Importer(2089858483,0ecaa5967403d082aa24f35e1b516d23)
Start importing Assets/LowPoly_Foliage/Models/Flowers/Materials/Petal_Orange_01.mat using Guid(70bcc9acb34e69c49b95986df35620be) Importer(2089858483,0ecaa5967403d082aa24f35e1b516d23) [PhysX] Initialized MultithreadedTaskDispatcher with 12 workers.
 -> (artifact id: '04399b0f3b3c4317f4806c7e8fa63f35') in 0.029138 seconds
Number of updated asset objects reloaded before import = 0
Number of asset objects unloaded after import = 1
========================================================================
Received Import Request.
  Time since last request: 0.000057 seconds.
  path: Assets/LowPoly_Foliage/Models/Plants/Plant_h_02.fbx
  artifactKey: Guid(6bd72acd2ff6a7e438dfb5c05c6957b5) Importer(2089858483,0ecaa5967403d082aa24f35e1b516d23)
Start importing Assets/LowPoly_Foliage/Models/Plants/Plant_h_02.fbx using Guid(6bd72acd2ff6a7e438dfb5c05c6957b5) Importer(2089858483,0ecaa5967403d082aa24f35e1b516d23) [PhysX] Initialized MultithreadedTaskDispatcher with 12 workers.
 -> (artifact id: 'c0ef7944b52d3d6c13e4f0bb67266aec') in 0.032754 seconds
Number of updated asset objects reloaded before import = 0
Number of asset objects unloaded after import = 20
========================================================================
Received Import Request.
  Time since last request: 0.000019 seconds.
  path: Assets/Low Poly Cars (Free)/Materials/Car Material 1.mat
  artifactKey: Guid(169a223c9591cdf43b16775e4ff1b888) Importer(2089858483,0ecaa5967403d082aa24f35e1b516d23)
Start importing Assets/Low Poly Cars (Free)/Materials/Car Material 1.mat using Guid(169a223c9591cdf43b16775e4ff1b888) Importer(2089858483,0ecaa5967403d082aa24f35e1b516d23) [PhysX] Initialized MultithreadedTaskDispatcher with 12 workers.
 -> (artifact id: '5ae74f9874676328c26c8294f33f98ea') in 0.015085 seconds
Number of updated asset objects reloaded before import = 0
Number of asset objects unloaded after import = 2
========================================================================
Received Import Request.
  Time since last request: 0.000023 seconds.
  path: Assets/Low Poly Cars (Free)/Prefabs/car_2.prefab
  artifactKey: Guid(48e086f9b0acfbd4e9fa16b9eeeca71e) Importer(2089858483,0ecaa5967403d082aa24f35e1b516d23)
Start importing Assets/Low Poly Cars (Free)/Prefabs/car_2.prefab using Guid(48e086f9b0acfbd4e9fa16b9eeeca71e) Importer(2089858483,0ecaa5967403d082aa24f35e1b516d23) [PhysX] Initialized MultithreadedTaskDispatcher with 12 workers.
 -> (artifact id: 'e3e82a737a6fc71c658d9b17fe2b3a64') in 0.028222 seconds
Number of updated asset objects reloaded before import = 0
Number of asset objects unloaded after import = 29
========================================================================
Received Import Request.
  Time since last request: 0.000024 seconds.
  path: Assets/LowPoly_Foliage/Models/Plants/Plant_h_03.fbx
  artifactKey: Guid(ba3bae5ed4007eb4bb5ba1cbd1238406) Importer(2089858483,0ecaa5967403d082aa24f35e1b516d23)
Start importing Assets/LowPoly_Foliage/Models/Plants/Plant_h_03.fbx using Guid(ba3bae5ed4007eb4bb5ba1cbd1238406) Importer(2089858483,0ecaa5967403d082aa24f35e1b516d23) [PhysX] Initialized MultithreadedTaskDispatcher with 12 workers.
 -> (artifact id: '90fe4f70a534a54db1092233fc8a56b6') in 0.034423 seconds
Number of updated asset objects reloaded before import = 0
Number of asset objects unloaded after import = 20
========================================================================
Received Import Request.
  Time since last request: 0.000029 seconds.
  path: Assets/Clean Vector Icons/T_4_column_sound1_.png
  artifactKey: Guid(a180731ab7211ec4ebd0f41648d49450) Importer(2089858483,0ecaa5967403d082aa24f35e1b516d23)
Start importing Assets/Clean Vector Icons/T_4_column_sound1_.png using Guid(a180731ab7211ec4ebd0f41648d49450) Importer(2089858483,0ecaa5967403d082aa24f35e1b516d23) [PhysX] Initialized MultithreadedTaskDispatcher with 12 workers.
 -> (artifact id: 'e588d60fd7b9b1f039e227305f730ddd') in 0.036520 seconds
Number of updated asset objects reloaded before import = 0
Number of asset objects unloaded after import = 3
========================================================================
Received Import Request.
  Time since last request: 0.000020 seconds.
  path: Assets/LowPoly_Foliage/Models/Plants/Plant_d_03.fbx
  artifactKey: Guid(39d247d4d6b1741459e06c618bb1d751) Importer(2089858483,0ecaa5967403d082aa24f35e1b516d23)
Start importing Assets/LowPoly_Foliage/Models/Plants/Plant_d_03.fbx using Guid(39d247d4d6b1741459e06c618bb1d751) Importer(2089858483,0ecaa5967403d082aa24f35e1b516d23) [PhysX] Initialized MultithreadedTaskDispatcher with 12 workers.
 -> (artifact id: 'ba5bd8c46f043cb402892b5fc4cf80b0') in 0.038208 seconds
Number of updated asset objects reloaded before import = 0
Number of asset objects unloaded after import = 20
========================================================================
Received Import Request.
  Time since last request: 0.000020 seconds.
  path: Assets/LowPoly_Foliage/Models/Leafs/Materials/Leaf_Yellow_01.mat
  artifactKey: Guid(de7bfabd474140e43b84cc5ecbf6bc19) Importer(2089858483,0ecaa5967403d082aa24f35e1b516d23)
Start importing Assets/LowPoly_Foliage/Models/Leafs/Materials/Leaf_Yellow_01.mat using Guid(de7bfabd474140e43b84cc5ecbf6bc19) Importer(2089858483,0ecaa5967403d082aa24f35e1b516d23) [PhysX] Initialized MultithreadedTaskDispatcher with 12 workers.
 -> (artifact id: '9daefe555334a994dc16a367725858df') in 0.026715 seconds
Number of updated asset objects reloaded before import = 0
Number of asset objects unloaded after import = 1
========================================================================
Received Import Request.
  Time since last request: 0.000042 seconds.
  path: Assets/LowPoly_Foliage/Models/Flowers/Flower_f_b_01.fbx
  artifactKey: Guid(3216c84347d8a9142b46c85e1115f929) Importer(2089858483,0ecaa5967403d082aa24f35e1b516d23)
Start importing Assets/LowPoly_Foliage/Models/Flowers/Flower_f_b_01.fbx using Guid(3216c84347d8a9142b46c85e1115f929) Importer(2089858483,0ecaa5967403d082aa24f35e1b516d23) [PhysX] Initialized MultithreadedTaskDispatcher with 12 workers.
 -> (artifact id: 'e5e0ddc0a29733aa408f80bc4f776c62') in 0.036089 seconds
Number of updated asset objects reloaded before import = 0
Number of asset objects unloaded after import = 20
Editor requested this worker to shutdown with reason: Scaling down because of idle timeout
TcpMessagingSession - receive error: operation aborted. errorcode: 995, details: The I/O operation has been aborted because of either a thread exit or an application request.
AssetImportWorker is now disconnected from the server
Process exiting
Exiting without the bug reporter. Application will terminate with return code 0