Using pre-set license
Built from '2022.3/respin/2022.3.62f2-4af31df585-v2' branch; Version is '2022.3.62f3 (96770f904ca7) revision 9860879'; Using compiler version '192829333'; Build Type 'Release'
OS: 'Windows 11  (10.0.26200) 64bit CoreSingleLanguage' Language: 'en' Physical Memory: 15636 MB
BatchMode: 1, IsHumanControllingUs: 0, StartBugReporterOnCrash: 0, Is64bit: 1, IsPro: 1

COMMAND LINE ARGUMENTS:
D:\Unity Hub\Editer\2022.3.62f3\Editor\Unity.exe
-adb2
-batchMode
-noUpm
-name
AssetImportWorker1
-projectPath
D:/Important/Endless-runner-master/Endless-runner-master/Endless Runner/Game-Level-based-Runner-3D-HPC
-logFile
Logs/AssetImportWorker1.log
-srvPort
50622
Successfully changed project path to: D:/Important/Endless-runner-master/Endless-runner-master/Endless Runner/Game-Level-based-Runner-3D-HPC
D:/Important/Endless-runner-master/Endless-runner-master/Endless Runner/Game-Level-based-Runner-3D-HPC
[UnityMemory] Configuration Parameters - Can be set up in boot.config
    "memorysetup-bucket-allocator-granularity=16"
    "memorysetup-bucket-allocator-bucket-count=8"
    "memorysetup-bucket-allocator-block-size=33554432"
    "memorysetup-bucket-allocator-block-count=8"
    "memorysetup-main-allocator-block-size=16777216"
    "memorysetup-thread-allocator-block-size=16777216"
    "memorysetup-gfx-main-allocator-block-size=16777216"
    "memorysetup-gfx-thread-allocator-block-size=16777216"
    "memorysetup-cache-allocator-block-size=4194304"
    "memorysetup-typetree-allocator-block-size=2097152"
    "memorysetup-profiler-bucket-allocator-granularity=16"
    "memorysetup-profiler-bucket-allocator-bucket-count=8"
    "memorysetup-profiler-bucket-allocator-block-size=33554432"
    "memorysetup-profiler-bucket-allocator-block-count=8"
    "memorysetup-profiler-allocator-block-size=16777216"
    "memorysetup-profiler-editor-allocator-block-size=1048576"
    "memorysetup-temp-allocator-size-main=16777216"
    "memorysetup-job-temp-allocator-block-size=2097152"
    "memorysetup-job-temp-allocator-block-size-background=1048576"
    "memorysetup-job-temp-allocator-reduction-small-platforms=262144"
    "memorysetup-allocator-temp-initial-block-size-main=262144"
    "memorysetup-allocator-temp-initial-block-size-worker=262144"
    "memorysetup-temp-allocator-size-background-worker=32768"
    "memorysetup-temp-allocator-size-job-worker=262144"
    "memorysetup-temp-allocator-size-preload-manager=33554432"
    "memorysetup-temp-allocator-size-nav-mesh-worker=65536"
    "memorysetup-temp-allocator-size-audio-worker=65536"
    "memorysetup-temp-allocator-size-cloud-worker=32768"
    "memorysetup-temp-allocator-size-gi-baking-worker=262144"
    "memorysetup-temp-allocator-size-gfx=262144"
Player connection [22620]  Target information:

Player connection [22620]  * "[IP] 26.212.6.96 [Port] 0 [Flags] 2 [Guid] 3927210615 [EditorId] 3927210615 [Version] 1048832 [Id] WindowsEditor(7,MyLaptop) [Debug] 1 [PackageName] WindowsEditor [ProjectName] Editor" 

Player connection [22620]  * "[IP] 192.168.61.104 [Port] 0 [Flags] 2 [Guid] 3927210615 [EditorId] 3927210615 [Version] 1048832 [Id] WindowsEditor(7,MyLaptop) [Debug] 1 [PackageName] WindowsEditor [ProjectName] Editor" 

Player connection [22620] Host joined multi-casting on [225.0.0.222:54997]...
Player connection [22620] Host joined alternative multi-casting on [225.0.0.222:34997]...
Input System module state changed to: Initialized.
[PhysX] Initialized MultithreadedTaskDispatcher with 12 workers.
Refreshing native plugins compatible for Editor in 0.00 ms, found 0 plugins.
Preloading 0 native plugins for Editor in 0.00 ms.
Initialize engine version: 2022.3.62f3 (96770f904ca7)
[Subsystems] Discovering subsystems at path D:/Unity Hub/Editer/2022.3.62f3/Editor/Data/Resources/UnitySubsystems
[Subsystems] Discovering subsystems at path D:/Important/Endless-runner-master/Endless-runner-master/Endless Runner/Game-Level-based-Runner-3D-HPC/Assets
GfxDevice: creating device client; threaded=0; jobified=0
Direct3D:
    Version:  Direct3D 11.0 [level 11.1]
    Renderer: NVIDIA GeForce RTX 4050 Laptop GPU (ID=0x28e1)
    Vendor:   NVIDIA
    VRAM:     5920 MB
    Driver:   32.0.15.9186
Initialize mono
Mono path[0] = 'D:/Unity Hub/Editer/2022.3.62f3/Editor/Data/Managed'
Mono path[1] = 'D:/Unity Hub/Editer/2022.3.62f3/Editor/Data/MonoBleedingEdge/lib/mono/unityjit-win32'
Mono config path = 'D:/Unity Hub/Editer/2022.3.62f3/Editor/Data/MonoBleedingEdge/etc'
Using monoOptions --debugger-agent=transport=dt_socket,embedding=1,server=y,suspend=n,address=127.0.0.1:56316
Begin MonoManager ReloadAssembly
Registering precompiled unity dll's ...
Register platform support module: D:/Unity Hub/Editer/2022.3.62f3/Editor/Data/PlaybackEngines/WebGLSupport/UnityEditor.WebGL.Extensions.dll
Register platform support module: D:/Unity Hub/Editer/2022.3.62f3/Editor/Data/PlaybackEngines/AndroidPlayer/UnityEditor.Android.Extensions.dll
Register platform support module: D:/Unity Hub/Editer/2022.3.62f3/Editor/Data/PlaybackEngines/WindowsStandaloneSupport/UnityEditor.WindowsStandalone.Extensions.dll
Registered in 0.003491 seconds.
- Loaded All Assemblies, in  0.304 seconds
Native extension for WindowsStandalone target not found
Native extension for Android target not found
Android Extension - Scanning For ADB Devices 303 ms
Native extension for WebGL target not found
Mono: successfully reloaded assembly
- Finished resetting the current domain, in  0.576 seconds
Domain Reload Profiling: 880ms
	BeginReloadAssembly (87ms)
		ExecutionOrderSort (0ms)
		DisableScriptedObjects (0ms)
		BackupInstance (0ms)
		ReleaseScriptingObjects (0ms)
		CreateAndSetChildDomain (1ms)
	RebuildCommonClasses (33ms)
	RebuildNativeTypeToScriptingClass (11ms)
	initialDomainReloadingComplete (44ms)
	LoadAllAssembliesAndSetupDomain (130ms)
		LoadAssemblies (88ms)
		RebuildTransferFunctionScriptingTraits (0ms)
		AnalyzeDomain (127ms)
			TypeCache.Refresh (126ms)
				TypeCache.ScanAssembly (114ms)
			ScanForSourceGeneratedMonoScriptInfo (0ms)
			ResolveRequiredComponents (0ms)
	FinalizeReload (576ms)
		ReleaseScriptCaches (0ms)
		RebuildScriptCaches (0ms)
		SetupLoadedEditorAssemblies (532ms)
			LogAssemblyErrors (0ms)
			InitializePlatformSupportModulesInManaged (373ms)
			SetLoadedEditorAssemblies (4ms)
			RefreshPlugins (0ms)
			BeforeProcessingInitializeOnLoad (2ms)
			ProcessInitializeOnLoadAttributes (115ms)
			ProcessInitializeOnLoadMethodAttributes (38ms)
			AfterProcessingInitializeOnLoad (0ms)
			EditorAssembliesLoaded (0ms)
		ExecutionOrderSort2 (0ms)
		AwakeInstancesAfterBackupRestoration (0ms)
========================================================================
Worker process is ready to serve import requests
Caller must complete domain reload
Begin MonoManager ReloadAssembly
- Loaded All Assemblies, in  0.200 seconds
Native extension for WindowsStandalone target not found
Native extension for Android target not found
Native extension for WebGL target not found
Mono: successfully reloaded assembly
- Finished resetting the current domain, in  0.290 seconds
Domain Reload Profiling: 490ms
	BeginReloadAssembly (129ms)
		ExecutionOrderSort (0ms)
		DisableScriptedObjects (6ms)
		BackupInstance (0ms)
		ReleaseScriptingObjects (0ms)
		CreateAndSetChildDomain (28ms)
	RebuildCommonClasses (31ms)
	RebuildNativeTypeToScriptingClass (9ms)
	initialDomainReloadingComplete (15ms)
	LoadAllAssembliesAndSetupDomain (16ms)
		LoadAssemblies (70ms)
		RebuildTransferFunctionScriptingTraits (0ms)
		AnalyzeDomain (14ms)
			TypeCache.Refresh (13ms)
				TypeCache.ScanAssembly (7ms)
			ScanForSourceGeneratedMonoScriptInfo (0ms)
			ResolveRequiredComponents (0ms)
	FinalizeReload (291ms)
		ReleaseScriptCaches (0ms)
		RebuildScriptCaches (0ms)
		SetupLoadedEditorAssemblies (183ms)
			LogAssemblyErrors (0ms)
			InitializePlatformSupportModulesInManaged (15ms)
			SetLoadedEditorAssemblies (3ms)
			RefreshPlugins (0ms)
			BeforeProcessingInitializeOnLoad (23ms)
			ProcessInitializeOnLoadAttributes (122ms)
			ProcessInitializeOnLoadMethodAttributes (18ms)
			AfterProcessingInitializeOnLoad (2ms)
			EditorAssembliesLoaded (0ms)
		ExecutionOrderSort2 (0ms)
		AwakeInstancesAfterBackupRestoration (7ms)
Launched and connected shader compiler UnityShaderCompiler.exe after 0.05 seconds
Refreshing native plugins compatible for Editor in 0.00 ms, found 0 plugins.
Preloading 0 native plugins for Editor in 0.00 ms.
Unloading 20 Unused Serialized files (Serialized files now loaded: 0)
Unloading 3 unused Assets / (48.8 KB). Loaded Objects now: 494.
Memory consumption went from 50.5 MB to 50.4 MB.
Total: 2.559800 ms (FindLiveObjects: 0.052300 ms CreateObjectMapping: 0.003500 ms MarkObjects: 2.403800 ms  DeleteObjects: 0.099500 ms)

AssetImportParameters requested are different than current active one (requested -> active):
  custom:video-decoder-ogg-theora: a1e56fd34408186e4bbccfd4996cb3dc -> 
  custom:container-muxer-webm: aa71ff27fc2769a1b78a27578f13a17b -> 
  custom:container-demuxer-webm: 4f35f7cbe854078d1ac9338744f61a02 -> 
  custom:video-encoder-webm-vp8: eb34c28f22e8b96e1ab97ce403110664 -> 
  custom:video-codec-MediaFoundation-h265: 746d11721c4dcdbdad8f713fa42b33f4 -> 
  custom:CustomObjectIndexerAttribute: 9a22284fe3817be447336de3de66b15e -> 
  custom:audio-encoder-webm-vorbis: bf7c407c2cedff20999df2af8eb42d56 -> 
  custom:framework-win-MediaFoundation: 216162199b28c13a410421893ffa2e32 -> 
  custom:SearchIndexIgnoredProperties: e643bd26f0fe6173181afceb89e7c659 -> 
  custom:container-demuxer-ogg: 62fdf1f143b41e24485cea50d1cbac27 -> 
  custom:video-decoder-webm-vp8: 9c59270c3fd7afecdb556c50c9e8de78 -> 
  custom:audio-decoder-ogg-vorbis: bf7c407c2cedff20999df2af8eb42d56 -> 
  custom:AudioImporter_EditorPlatform: d09bf68614088b80899f8185d706f6e7 -> 
========================================================================
Received Import Request.
  Time since last request: 177734.121397 seconds.
  path: Assets/Scripts/SwipeManager.cs
  artifactKey: Guid(2a98d32f32fb9844092b5f3ee22f5dfa) Importer(815301076,1909f56bfc062723c751e8b465ee728b)
Start importing Assets/Scripts/SwipeManager.cs using Guid(2a98d32f32fb9844092b5f3ee22f5dfa) Importer(815301076,1909f56bfc062723c751e8b465ee728b) [PhysX] Initialized MultithreadedTaskDispatcher with 12 workers.
 -> (artifact id: '331516dfbe5150d875368b7df3a9362c') in 0.002761 seconds
Number of updated asset objects reloaded before import = 0
Number of asset objects unloaded after import = 0
========================================================================
Received Import Request.
  Time since last request: 0.000019 seconds.
  path: Assets/Scripts/PlayerManager.cs
  artifactKey: Guid(49be1f6b5cccba84b9ec0b8ad7e11744) Importer(815301076,1909f56bfc062723c751e8b465ee728b)
Start importing Assets/Scripts/PlayerManager.cs using Guid(49be1f6b5cccba84b9ec0b8ad7e11744) Importer(815301076,1909f56bfc062723c751e8b465ee728b) [PhysX] Initialized MultithreadedTaskDispatcher with 12 workers.
 -> (artifact id: '143222a2696086fc43326e73b3f00a1a') in 0.000652 seconds
Number of updated asset objects reloaded before import = 0
Number of asset objects unloaded after import = 0
========================================================================
Received Import Request.
  Time since last request: 0.000151 seconds.
  path: Assets/Scripts/TileManager.cs
  artifactKey: Guid(043ce5d30f450c34cb3c09e77db1c2b8) Importer(815301076,1909f56bfc062723c751e8b465ee728b)
Start importing Assets/Scripts/TileManager.cs using Guid(043ce5d30f450c34cb3c09e77db1c2b8) Importer(815301076,1909f56bfc062723c751e8b465ee728b) [PhysX] Initialized MultithreadedTaskDispatcher with 12 workers.
 -> (artifact id: '45e09ee22f0f96818351ea45d023f566') in 0.000632 seconds
Number of updated asset objects reloaded before import = 0
Number of asset objects unloaded after import = 0
========================================================================
Received Prepare
Caller must complete domain reload
Begin MonoManager ReloadAssembly
- Loaded All Assemblies, in  0.168 seconds
Native extension for WindowsStandalone target not found
Native extension for Android target not found
Native extension for WebGL target not found
Mono: successfully reloaded assembly
- Finished resetting the current domain, in  0.266 seconds
Domain Reload Profiling: 434ms
	BeginReloadAssembly (111ms)
		ExecutionOrderSort (0ms)
		DisableScriptedObjects (4ms)
		BackupInstance (0ms)
		ReleaseScriptingObjects (0ms)
		CreateAndSetChildDomain (19ms)
	RebuildCommonClasses (23ms)
	RebuildNativeTypeToScriptingClass (8ms)
	initialDomainReloadingComplete (13ms)
	LoadAllAssembliesAndSetupDomain (13ms)
		LoadAssemblies (69ms)
		RebuildTransferFunctionScriptingTraits (0ms)
		AnalyzeDomain (8ms)
			TypeCache.Refresh (5ms)
				TypeCache.ScanAssembly (2ms)
			ScanForSourceGeneratedMonoScriptInfo (1ms)
			ResolveRequiredComponents (2ms)
	FinalizeReload (267ms)
		ReleaseScriptCaches (0ms)
		RebuildScriptCaches (0ms)
		SetupLoadedEditorAssemblies (171ms)
			LogAssemblyErrors (0ms)
			InitializePlatformSupportModulesInManaged (14ms)
			SetLoadedEditorAssemblies (5ms)
			RefreshPlugins (0ms)
			BeforeProcessingInitializeOnLoad (26ms)
			ProcessInitializeOnLoadAttributes (105ms)
			ProcessInitializeOnLoadMethodAttributes (19ms)
			AfterProcessingInitializeOnLoad (2ms)
			EditorAssembliesLoaded (0ms)
		ExecutionOrderSort2 (0ms)
		AwakeInstancesAfterBackupRestoration (6ms)
Refreshing native plugins compatible for Editor in 0.00 ms, found 0 plugins.
Preloading 0 native plugins for Editor in 0.00 ms.
Unloading 232 Unused Serialized files (Serialized files now loaded: 0)
Unloading 1 unused Assets / (22.8 KB). Loaded Objects now: 712.
Memory consumption went from 54.1 MB to 54.1 MB.
Total: 2.571200 ms (FindLiveObjects: 0.092400 ms CreateObjectMapping: 0.009100 ms MarkObjects: 2.442000 ms  DeleteObjects: 0.026300 ms)

Prepare: number of updated asset objects reloaded= 0
AssetImportParameters requested are different than current active one (requested -> active):
  custom:scripting/monoscript/fileName/LayoutGroup.cs: 47296f37423e45582ae2a1285f1834e1 -> 
  custom:scripting/monoscript/fileName/EventTriggerEditor.cs: 6ea4cbbbbfa1cf486ec109d8109386ab -> 
  custom:scripting/monoscript/fileName/BaseInputModule.cs: e5d51419cd83ddd14cfd2bfec49bced5 -> 
  custom:scripting/monoscript/fileName/TouchInputModule.cs: f649e6d16e6a2b3e3d9ef2fc7f32a42a -> 
  custom:scripting/monoscript/fileName/Button.cs: 18874d3cd8f6e3668320e6beabdb6cbc -> 
  custom:scripting/monoscript/fileName/LayoutUtility.cs: 5aad751cb79650d7f92ebd417a09943c -> 
  custom:video-encoder-webm-vp8: eb34c28f22e8b96e1ab97ce403110664 -> 
  custom:scripting/monoscript/fileName/LayoutRebuilder.cs: 361ab5c1dfc0dd155ae206d28605f701 -> 
  custom:scripting/monoscript/fileName/MaskUtilities.cs: 1ac31d7c3f0aeeb6154c06c4f379fbda -> 
  custom:scripting/monoscript/fileName/Clipping.cs: 5c87c7b6bd30043817e201557e09a654 -> 
  custom:scripting/monoscript/fileName/BaseEventData.cs: fe1c8385b48c0521893f28f747b6fc69 -> 
  custom:audio-encoder-webm-vorbis: bf7c407c2cedff20999df2af8eb42d56 -> 
  custom:scripting/monoscript/fileName/BaseMeshEffect.cs: d6e560340e123aa95f6f5a8a2fcdf11f -> 
  custom:scripting/monoscript/fileName/ColorBlock.cs: 425ee059ac60082d71e36b92bc05c817 -> 
  custom:scripting/monoscript/fileName/ColorBlockDrawer.cs: 5ce7ef2ba701206222b82e777add9575 -> 
  custom:scripting/monoscript/fileName/NavigationDrawer.cs: d6f1c1b7e626587e232b7c29fd8317ca -> 
  custom:scripting/monoscript/fileName/SpriteDrawUtility.cs: 63a19974af19378fa2ed74e2b9646e43 -> 
  custom:scripting/monoscript/fileName/Highscore.cs: ccab4b025d8c97b59129e52f2acc72f4 -> 
  custom:scripting/monoscript/fileName/DropdownOptionListDrawer.cs: 2b2ea9c97f9351f45324b7dd26de9002 -> 
  custom:scripting/monoscript/fileName/RaycasterManager.cs: 734ccc1eb36467642b0349d544b4126e -> 
  custom:scripting/monoscript/fileName/DefaultControls.cs: 553a49af5274967d9937dc08d9e54483 -> 
  custom:video-decoder-webm-vp8: 9c59270c3fd7afecdb556c50c9e8de78 -> 
  custom:scripting/monoscript/fileName/PhysicsRaycaster.cs: 55704cfd308f55e8f2100e1978b8c859 -> 
  custom:scripting/monoscript/fileName/IndexedSet.cs: 90647cc400823b41df847a6cbfc29026 -> 
  custom:scripting/monoscript/fileName/IMaskable.cs: 7d1a33632a371b7839c89496b37570f7 -> 
  custom:scripting/monoscript/fileName/SetPropertyUtility.cs: f604b4b9e6b0979bdfc1e2b40426dd19 -> 
  custom:scripting/monoscript/fileName/GraphicRegistry.cs: 98589adfc9bed38aa1284f52d0906cff -> 
  custom:scripting/monoscript/fileName/AnimationTriggers.cs: 71e2bc068282cb51ef0c9c07f7c83c0e -> 
  custom:scripting/monoscript/fileName/ScrollRect.cs: ad946dcd0c52e084febb1a202c6365b7 -> 
  custom:scripting/monoscript/fileName/ContentSizeFitterEditor.cs: d3472f0757f80a46d91353f6d23b99b9 -> 
  custom:scripting/monoscript/fileName/ImageEditor.cs: 445a540a125ce6a604545e302da59d0d -> 
  custom:scripting/monoscript/fileName/GoalManager.cs: 81ee6399dae1d7f974bb931f03a7bb1a -> 
  custom:scripting/monoscript/fileName/RectangularVertexClipper.cs: b6da5fc33d733831211174eb77db8240 -> 
  custom:scripting/monoscript/fileName/Sound.cs: 39f89aaaf6b8c020ee263538a2600b58 -> 
  custom:scripting/monoscript/fileName/RawImageEditor.cs: a27f397991c9e00c409e9e5f249ac4cf -> 
  custom:scripting/monoscript/fileName/IMaterialModifier.cs: 22379bdba952e76eedc3495376a7f365 -> 
  custom:scripting/monoscript/fileName/SliderEditor.cs: 311387dff33e7f968557acb6719ff318 -> 
  custom:scripting/monoscript/fileName/IClipRegion.cs: 7f6cd92e6d4df0295c24c7c4ddc064ba -> 
  custom:container-demuxer-webm: 4f35f7cbe854078d1ac9338744f61a02 -> 
  custom:scripting/monoscript/fileName/SelectableEditor.cs: 1481d527b8e3461180bdeab828e61e72 -> 
  custom:scripting/monoscript/fileName/EventSystem.cs: 9893ce071eb20d5c73342946ea902daa -> 
  custom:scripting/monoscript/fileName/UIBehaviour.cs: 93a5dfaee450605a3ebf5df8a3c39094 -> 
  custom:scripting/monoscript/fileName/CameraController.cs: 9afc567523072d385e7e839f14f42a40 -> 
  custom:scripting/monoscript/fileName/StandaloneInputModule.cs: bdd0257dc8587dc277481ed15f006d00 -> 
  custom:scripting/monoscript/fileName/ExecuteEvents.cs: 09bdf6afd188bdc384f065aac6293d3f -> 
  custom:scripting/monoscript/fileName/BaseInput.cs: 2124093b3f8a7fbb31af4584d7906f17 -> 
  custom:scripting/monoscript/fileName/AspectRatioFitterEditor.cs: ca909eaa36fb5ef0289fe980de644381 -> 
  custom:scripting/monoscript/fileName/ContentSizeFitter.cs: e2715cebc3fc71ede47fde6d9e9995cc -> 
  custom:scripting/monoscript/fileName/ScrollRectEditor.cs: 3c0730e578aa8d8fd5bfc2f3205e2ba0 -> 
  custom:scripting/monoscript/fileName/MenuOptions.cs: d79d6d6d5841de7e6374a43e8dcef5a4 -> 
  custom:scripting/monoscript/fileName/SwipeManager.cs: 4dbc8758d19ff25186c1c0d7053db010 -> 
  custom:scripting/monoscript/fileName/PositionAsUV1.cs: 2e4459b437a4807ec15690930098829a -> 
  custom:scripting/monoscript/fileName/Dropdown.cs: e2499375dbab18b142e2db07a091d792 -> 
  custom:scripting/monoscript/fileName/InterceptedEventsPreview.cs: 94e846ba0cdb752454d2d472cfe36d16 -> 
  custom:scripting/monoscript/fileName/HorizontalLayoutGroup.cs: 8a5b3f08374a0e6bc0ae61c7820d3dc9 -> 
  custom:scripting/monoscript/fileName/ToggleEditor.cs: bd84b18f689a3b85ecdf512fffc714e6 -> 
  custom:scripting/monoscript/fileName/SelfControllerEditor.cs: 7085c77278668b218f5204af2c8ef3a1 -> 
  custom:scripting/monoscript/fileName/MaskableGraphic.cs: aad20bbffec73c4b301a1ae8e335759b -> 
  custom:scripting/monoscript/fileName/Text.cs: f3cd2527cc0cf233b21b58a0a7d6ebc9 -> 
  custom:SearchIndexIgnoredProperties: e643bd26f0fe6173181afceb89e7c659 -> 
  custom:scripting/monoscript/fileName/TextEditor.cs: 0795927915f8ee9dc27f674f60e96764 -> 
  custom:scripting/monoscript/fileName/PointerInputModule.cs: c4d4fe7ccbecd5087b916bc87196dbe9 -> 
  custom:scripting/precompiled-assembly-types:Assembly-CSharp-Editor: 1d5c9d4bdf9dc32bf4c8d2014d390b17 -> 
  custom:scripting/monoscript/fileName/Graphic.cs: a06ccab3be7023340f550cfeaabbe07e -> 
  custom:scripting/monoscript/fileName/ClipperRegistry.cs: 8e6c24182f27f55fb4de3b4cdfe95c6c -> 
  custom:scripting/monoscript/fileName/Mask.cs: 30def7c5b8ef23ce62910d8eb0c002c6 -> 
  custom:scripting/monoscript/fileName/RectMask2D.cs: 4d0473b9b97e6b8149c43fe7277f2c32 -> 
  custom:scripting/monoscript/fileName/DropdownEditor.cs: 7835943c2b1e7ab14674862cb91ce165 -> 
  custom:scripting/monoscript/fileName/SpriteState.cs: 57b3309510f8493daf4f3019efe64711 -> 
  custom:scripting/monoscript/fileName/HorizontalOrVerticalLayoutGroupEditor.cs: b818b9a01e994214d99cc7440db09dec -> 
  custom:scripting/monoscript/fileName/MainMenu.cs: c093076ba5753d7bec74a8a751ffb653 -> 
  custom:scripting/monoscript/fileName/MultipleDisplayUtilities.cs: 4c3c70e26636165f46aedff2bed06aa3 -> 
  custom:scripting/monoscript/fileName/LayoutElementEditor.cs: 7b7a8175ebabe6f0476df392a9d779f5 -> 
  custom:scripting/monoscript/fileName/SpriteStateDrawer.cs: 5df3134a6f23a9419d53d42b06555043 -> 
  custom:scripting/monoscript/fileName/GraphicEditor.cs: 0dc931f0f060b1c1aa4b9934f3c02068 -> 
  custom:scripting/monoscript/fileName/LayoutPropertiesPreview.cs: 464f6e736bc56387abed9e1345b58e03 -> 
  custom:scripting/monoscript/fileName/CanvasScaler.cs: 2ea1923de8f9e015366994adf4a911f8 -> 
  custom:scripting/monoscript/fileName/PrefabLayoutRebuilder.cs: a5c4903b52cf08d0d76a12531586d566 -> 
  custom:scripting/monoscript/fileName/IMeshModifier.cs: d34ea46c6ec982082dceca7968209d0b -> 
  custom:scripting/monoscript/fileName/InputField.cs: 50f5a4450f02a1646ac6ec7a42f31f75 -> 
  custom:container-muxer-webm: aa71ff27fc2769a1b78a27578f13a17b -> 
  custom:scripting/monoscript/fileName/InputFieldEditor.cs: ae985d67ad35a24d695667fcf35d81ef -> 
  custom:scripting/monoscript/fileName/Slider.cs: fa9653030ac65718025b6955291e99ef -> 
  custom:scripting/monoscript/fileName/PointerEventData.cs: 3c7a8b2c3ff2e04116c5ea92277d670a -> 
  custom:video-codec-MediaFoundation-h265: 746d11721c4dcdbdad8f713fa42b33f4 -> 
  custom:scripting/monoscript/fileName/AudioManager.cs: e8310be4479956b7ccf5d41d9f0f6e53 -> 
  custom:scripting/monoscript/fileName/IMask.cs: 4835b27d1d14549285b4f8c83612ebc7 -> 
  custom:scripting/monoscript/fileName/FontDataDrawer.cs: f7cbe293c2e3dff2ee39aff7bd4163b1 -> 
  custom:scripting/monoscript/fileName/IGraphicEnabledDisabled.cs: 543e967edd29d3f90a7fada795a69d63 -> 
  custom:scripting/monoscript/fileName/Selectable.cs: 355ffa2236bbfbbd4ecc059e599154f4 -> 
  custom:scripting/monoscript/fileName/Toggle.cs: fc59b554e8aca13c5f78dc9bb5f2dcbb -> 
  custom:scripting/monoscript/fileName/FontData.cs: 2624b2b5223fc7daa60b578156662561 -> 
  custom:scripting/monoscript/fileName/RaycastResult.cs: 3da05e5f8945f9e35dd9f158a0fc91b7 -> 
  custom:scripting/monoscript/fileName/ButtonEditor.cs: 5ac506fb7c7a0164c335183377af7ab2 -> 
  custom:scripting/monoscript/fileName/Events.cs: 6faf8901b68bddda9be642afbc6e3ce9 -> 
  custom:scripting/monoscript/fileName/VerticalLayoutGroup.cs: d5cf2f2f23f5247db7d886894bac9b3f -> 
  custom:scripting/monoscript/fileName/Physics2DRaycaster.cs: 532e9bb49f140fabac2c7047d6401ab9 -> 
  custom:scripting/precompiled-assembly-types:UnityEditor.UI: 6bae215471362000d6dbd3e0ee304a50 -> 
  custom:scripting/monoscript/fileName/Navigation.cs: e35012b3e8f0b9a62e22595c530c4b09 -> 
  custom:scripting/monoscript/fileName/StencilMaterial.cs: c69bffbf7b7d04b1aed525ae7043b52a -> 
  custom:scripting/monoscript/fileName/RawImage.cs: 9b1f9ced27d17db391e342a1964f4b65 -> 
  custom:scripting/monoscript/fileName/Outline.cs: abe7a3b85236fa2aa6a727443644081c -> 
  custom:scripting/monoscript/fileName/ToggleGroup.cs: 861cd52fff6f1d7a73f5457b3b97dda8 -> 
  custom:container-demuxer-ogg: 62fdf1f143b41e24485cea50d1cbac27 -> 
  custom:scripting/monoscript/fileName/AxisEventData.cs: bd68a02a31e92e066ceec31b011fbc57 -> 
  custom:scripting/monoscript/fileName/FinishGateBuilder.cs: 75ccb6c9a6d6c7294316e1b892f79acd -> 
  custom:scripting/monoscript/fileName/Physics2DRaycasterEditor.cs: 9e7f63ac2881662ae3bbd50a4338aa2a -> 
  custom:scripting/monoscript/fileName/RectMask2DEditor.cs: f121c7dbc11fd506db77fcd126dfa3fc -> 
  custom:audio-decoder-ogg-vorbis: bf7c407c2cedff20999df2af8eb42d56 -> 
  custom:scripting/monoscript/fileName/PanelEventHandler.cs: ba6769d051300e140797e22cf69b8ced -> 
  custom:scripting/monoscript/fileName/GridLayoutGroupEditor.cs: e48ddca2b2d4210562ae141b312d8312 -> 
  custom:scripting/monoscript/fileName/ILayoutElement.cs: a5941e42345b87779111dd71a1bb5868 -> 
  custom:scripting/precompiled-assembly-types:UnityEngine.UI: f762135bac905e34e2b540c872c48817 -> 
  custom:scripting/monoscript/fileName/Misc.cs: 7ed2e50827551a4e78c69f183dffa2c9 -> 
  custom:scripting/monoscript/fileName/BaseRaycaster.cs: e37362e329c8091c64b863e33af2335e -> 
  custom:AudioImporter_EditorPlatform: d09bf68614088b80899f8185d706f6e7 -> 
  custom:scripting/monoscript/fileName/PlayerController.cs: d93a52a180fbbe603a59e9aa6da73c83 -> 
  custom:scripting/monoscript/fileName/MaskEditor.cs: 3bd6622b0f25c580774e523433166ef0 -> 
  custom:scripting/monoscript/fileName/HorizontalOrVerticalLayoutGroup.cs: eac4934c775299d8b76ff59142d92fe4 -> 
  custom:scripting/monoscript/fileName/PlayerManager.cs: fa278fc629bee650391d87d1007e9d4f -> 
  custom:scripting/monoscript/fileName/CoroutineTween.cs: 145a57fb4b19fcfb123b1dcc9c6ec846 -> 
  custom:scripting/monoscript/fileName/Coin.cs: 619f3eee3888c45b850590cb583d64bd -> 
  custom:video-decoder-ogg-theora: a1e56fd34408186e4bbccfd4996cb3dc -> 
  custom:scripting/monoscript/fileName/Image.cs: dab426e5f5622a0f37965b80d0c94886 -> 
  custom:scripting/monoscript/fileName/AspectRatioFitter.cs: d0d41744e6957c53bac0c4dfa076cfbe -> 
  custom:scripting/precompiled-assembly-types:Assembly-CSharp: 0c6d6c5851ccadc6dcf9ab6cc35f66fc -> 
  custom:scripting/monoscript/fileName/FinishLine.cs: c836545dc1a96ee58cc786528df073b8 -> 
  custom:CustomObjectIndexerAttribute: 9a22284fe3817be447336de3de66b15e -> 
  custom:scripting/monoscript/fileName/FontUpdateTracker.cs: 0edf4184b1e65a637688bed2aad2858e -> 
  custom:scripting/monoscript/fileName/EventTrigger.cs: 302ed930e5ba0917aa82911027f67670 -> 
  custom:scripting/monoscript/fileName/TileManager.cs: f558cb905e6926ac4e0368ea1a5caead -> 
  custom:scripting/monoscript/fileName/GraphicRebuildTracker.cs: 8de94ef43240abdb34f228fee6977ffb -> 
  custom:scripting/monoscript/fileName/CanvasScalerEditor.cs: 45d5b31aba10a8b7f96c6429c8d1cf15 -> 
  custom:framework-win-MediaFoundation: 216162199b28c13a410421893ffa2e32 -> 
  custom:scripting/monoscript/fileName/EventInterfaces.cs: 207de7b71ff167cef7ae4584652d1556 -> 
  custom:scripting/monoscript/fileName/ReflectionMethodsCache.cs: c5cb035abcaae76940caca8d15cf29e4 -> 
  custom:scripting/monoscript/fileName/AnimationTriggersDrawer.cs: a95af93c1a59bab8729323baee4360e5 -> 
  custom:scripting/monoscript/fileName/PhysicsRaycasterEditor.cs: 110591b94d444b72f6a02c548bb7e869 -> 
  custom:scripting/monoscript/fileName/ScrollbarEditor.cs: b44327427537937c6a57f8543906e016 -> 
  custom:scripting/monoscript/fileName/PanelRaycaster.cs: 57c5b48d37b14bf434fbeb37894146ef -> 
  custom:scripting/monoscript/fileName/GridLayoutGroup.cs: 43759e18a5ea1dda932d71b40c61dda6 -> 
  custom:scripting/monoscript/fileName/CanvasUpdateRegistry.cs: bdf5b5b4904888a4c7ec20bc9ff4f0a2 -> 
  custom:scripting/monoscript/fileName/GraphicRaycaster.cs: 0fc8c9d6ff17669221a0b586bde06477 -> 
  custom:scripting/monoscript/fileName/Scrollbar.cs: 042fdb4d377c0d68cf1021e2ead3c650 -> 
  custom:scripting/monoscript/fileName/Shadow.cs: 7884315ffc3a3b9bc418d86e8992798d -> 
  custom:scripting/monoscript/fileName/EventSystemEditor.cs: 76f2d1177650edec9abc8c01fb91473a -> 
  custom:scripting/monoscript/fileName/VertexHelper.cs: d79122a4ca8eedf6798884cad51c94ef -> 
  custom:scripting/monoscript/fileName/LayoutElement.cs: 0ad083ca76b6eceec2f3e5e824de2611 -> 
========================================================================
Received Prepare
Caller must complete domain reload
Begin MonoManager ReloadAssembly
- Loaded All Assemblies, in  0.162 seconds
Native extension for WindowsStandalone target not found
Native extension for Android target not found
Native extension for WebGL target not found
Mono: successfully reloaded assembly
- Finished resetting the current domain, in  0.268 seconds
Domain Reload Profiling: 430ms
	BeginReloadAssembly (111ms)
		ExecutionOrderSort (0ms)
		DisableScriptedObjects (3ms)
		BackupInstance (0ms)
		ReleaseScriptingObjects (0ms)
		CreateAndSetChildDomain (20ms)
	RebuildCommonClasses (23ms)
	RebuildNativeTypeToScriptingClass (7ms)
	initialDomainReloadingComplete (12ms)
	LoadAllAssembliesAndSetupDomain (8ms)
		LoadAssemblies (68ms)
		RebuildTransferFunctionScriptingTraits (0ms)
		AnalyzeDomain (5ms)
			TypeCache.Refresh (2ms)
				TypeCache.ScanAssembly (0ms)
			ScanForSourceGeneratedMonoScriptInfo (0ms)
			ResolveRequiredComponents (2ms)
	FinalizeReload (268ms)
		ReleaseScriptCaches (0ms)
		RebuildScriptCaches (0ms)
		SetupLoadedEditorAssemblies (183ms)
			LogAssemblyErrors (0ms)
			InitializePlatformSupportModulesInManaged (11ms)
			SetLoadedEditorAssemblies (4ms)
			RefreshPlugins (0ms)
			BeforeProcessingInitializeOnLoad (32ms)
			ProcessInitializeOnLoadAttributes (119ms)
			ProcessInitializeOnLoadMethodAttributes (15ms)
			AfterProcessingInitializeOnLoad (2ms)
			EditorAssembliesLoaded (0ms)
		ExecutionOrderSort2 (0ms)
		AwakeInstancesAfterBackupRestoration (5ms)
Refreshing native plugins compatible for Editor in 0.00 ms, found 0 plugins.
Preloading 0 native plugins for Editor in 0.00 ms.
Unloading 233 Unused Serialized files (Serialized files now loaded: 0)
Unloading 1 unused Assets / (22.8 KB). Loaded Objects now: 712.
Memory consumption went from 54.4 MB to 54.4 MB.
Total: 2.281400 ms (FindLiveObjects: 0.053800 ms CreateObjectMapping: 0.009200 ms MarkObjects: 2.194800 ms  DeleteObjects: 0.022400 ms)

Prepare: number of updated asset objects reloaded= 0
AssetImportParameters requested are different than current active one (requested -> active):
  custom:scripting/monoscript/fileName/LayoutGroup.cs: 47296f37423e45582ae2a1285f1834e1 -> 
  custom:scripting/monoscript/fileName/EventTriggerEditor.cs: 6ea4cbbbbfa1cf486ec109d8109386ab -> 
  custom:scripting/monoscript/fileName/BaseInputModule.cs: e5d51419cd83ddd14cfd2bfec49bced5 -> 
  custom:scripting/monoscript/fileName/TouchInputModule.cs: f649e6d16e6a2b3e3d9ef2fc7f32a42a -> 
  custom:scripting/monoscript/fileName/Button.cs: 18874d3cd8f6e3668320e6beabdb6cbc -> 
  custom:scripting/monoscript/fileName/LayoutUtility.cs: 5aad751cb79650d7f92ebd417a09943c -> 
  custom:video-encoder-webm-vp8: eb34c28f22e8b96e1ab97ce403110664 -> 
  custom:scripting/monoscript/fileName/LayoutRebuilder.cs: 361ab5c1dfc0dd155ae206d28605f701 -> 
  custom:scripting/monoscript/fileName/MaskUtilities.cs: 1ac31d7c3f0aeeb6154c06c4f379fbda -> 
  custom:scripting/monoscript/fileName/Clipping.cs: 5c87c7b6bd30043817e201557e09a654 -> 
  custom:scripting/monoscript/fileName/BaseEventData.cs: fe1c8385b48c0521893f28f747b6fc69 -> 
  custom:audio-encoder-webm-vorbis: bf7c407c2cedff20999df2af8eb42d56 -> 
  custom:scripting/monoscript/fileName/BaseMeshEffect.cs: d6e560340e123aa95f6f5a8a2fcdf11f -> 
  custom:scripting/monoscript/fileName/ColorBlock.cs: 425ee059ac60082d71e36b92bc05c817 -> 
  custom:scripting/monoscript/fileName/ColorBlockDrawer.cs: 5ce7ef2ba701206222b82e777add9575 -> 
  custom:scripting/monoscript/fileName/NavigationDrawer.cs: d6f1c1b7e626587e232b7c29fd8317ca -> 
  custom:scripting/monoscript/fileName/SpriteDrawUtility.cs: 63a19974af19378fa2ed74e2b9646e43 -> 
  custom:scripting/monoscript/fileName/Highscore.cs: ccab4b025d8c97b59129e52f2acc72f4 -> 
  custom:scripting/monoscript/fileName/DropdownOptionListDrawer.cs: 2b2ea9c97f9351f45324b7dd26de9002 -> 
  custom:scripting/monoscript/fileName/RaycasterManager.cs: 734ccc1eb36467642b0349d544b4126e -> 
  custom:scripting/monoscript/fileName/DefaultControls.cs: 553a49af5274967d9937dc08d9e54483 -> 
  custom:video-decoder-webm-vp8: 9c59270c3fd7afecdb556c50c9e8de78 -> 
  custom:scripting/monoscript/fileName/PhysicsRaycaster.cs: 55704cfd308f55e8f2100e1978b8c859 -> 
  custom:scripting/monoscript/fileName/IndexedSet.cs: 90647cc400823b41df847a6cbfc29026 -> 
  custom:scripting/monoscript/fileName/IMaskable.cs: 7d1a33632a371b7839c89496b37570f7 -> 
  custom:scripting/monoscript/fileName/SetPropertyUtility.cs: f604b4b9e6b0979bdfc1e2b40426dd19 -> 
  custom:scripting/monoscript/fileName/GraphicRegistry.cs: 98589adfc9bed38aa1284f52d0906cff -> 
  custom:scripting/monoscript/fileName/AnimationTriggers.cs: 71e2bc068282cb51ef0c9c07f7c83c0e -> 
  custom:scripting/monoscript/fileName/ScrollRect.cs: ad946dcd0c52e084febb1a202c6365b7 -> 
  custom:scripting/monoscript/fileName/ContentSizeFitterEditor.cs: d3472f0757f80a46d91353f6d23b99b9 -> 
  custom:scripting/monoscript/fileName/ImageEditor.cs: 445a540a125ce6a604545e302da59d0d -> 
  custom:scripting/monoscript/fileName/GoalManager.cs: 81ee6399dae1d7f974bb931f03a7bb1a -> 
  custom:scripting/monoscript/fileName/RectangularVertexClipper.cs: b6da5fc33d733831211174eb77db8240 -> 
  custom:scripting/monoscript/fileName/Sound.cs: 39f89aaaf6b8c020ee263538a2600b58 -> 
  custom:scripting/monoscript/fileName/RawImageEditor.cs: a27f397991c9e00c409e9e5f249ac4cf -> 
  custom:scripting/monoscript/fileName/IMaterialModifier.cs: 22379bdba952e76eedc3495376a7f365 -> 
  custom:scripting/monoscript/fileName/SliderEditor.cs: 311387dff33e7f968557acb6719ff318 -> 
  custom:scripting/monoscript/fileName/IClipRegion.cs: 7f6cd92e6d4df0295c24c7c4ddc064ba -> 
  custom:container-demuxer-webm: 4f35f7cbe854078d1ac9338744f61a02 -> 
  custom:scripting/monoscript/fileName/SelectableEditor.cs: 1481d527b8e3461180bdeab828e61e72 -> 
  custom:scripting/monoscript/fileName/EventSystem.cs: 9893ce071eb20d5c73342946ea902daa -> 
  custom:scripting/monoscript/fileName/UIBehaviour.cs: 93a5dfaee450605a3ebf5df8a3c39094 -> 
  custom:scripting/monoscript/fileName/CameraController.cs: 9afc567523072d385e7e839f14f42a40 -> 
  custom:scripting/monoscript/fileName/StandaloneInputModule.cs: bdd0257dc8587dc277481ed15f006d00 -> 
  custom:scripting/monoscript/fileName/ExecuteEvents.cs: 09bdf6afd188bdc384f065aac6293d3f -> 
  custom:scripting/monoscript/fileName/BaseInput.cs: 2124093b3f8a7fbb31af4584d7906f17 -> 
  custom:scripting/monoscript/fileName/AspectRatioFitterEditor.cs: ca909eaa36fb5ef0289fe980de644381 -> 
  custom:scripting/monoscript/fileName/ContentSizeFitter.cs: e2715cebc3fc71ede47fde6d9e9995cc -> 
  custom:scripting/monoscript/fileName/ScrollRectEditor.cs: 3c0730e578aa8d8fd5bfc2f3205e2ba0 -> 
  custom:scripting/monoscript/fileName/MenuOptions.cs: d79d6d6d5841de7e6374a43e8dcef5a4 -> 
  custom:scripting/monoscript/fileName/SwipeManager.cs: 4dbc8758d19ff25186c1c0d7053db010 -> 
  custom:scripting/monoscript/fileName/PositionAsUV1.cs: 2e4459b437a4807ec15690930098829a -> 
  custom:scripting/monoscript/fileName/Dropdown.cs: e2499375dbab18b142e2db07a091d792 -> 
  custom:scripting/monoscript/fileName/InterceptedEventsPreview.cs: 94e846ba0cdb752454d2d472cfe36d16 -> 
  custom:scripting/monoscript/fileName/HorizontalLayoutGroup.cs: 8a5b3f08374a0e6bc0ae61c7820d3dc9 -> 
  custom:scripting/monoscript/fileName/ToggleEditor.cs: bd84b18f689a3b85ecdf512fffc714e6 -> 
  custom:scripting/monoscript/fileName/SelfControllerEditor.cs: 7085c77278668b218f5204af2c8ef3a1 -> 
  custom:scripting/monoscript/fileName/MaskableGraphic.cs: aad20bbffec73c4b301a1ae8e335759b -> 
  custom:scripting/monoscript/fileName/Text.cs: f3cd2527cc0cf233b21b58a0a7d6ebc9 -> 
  custom:SearchIndexIgnoredProperties: e643bd26f0fe6173181afceb89e7c659 -> 
  custom:scripting/monoscript/fileName/TextEditor.cs: 0795927915f8ee9dc27f674f60e96764 -> 
  custom:scripting/monoscript/fileName/PointerInputModule.cs: c4d4fe7ccbecd5087b916bc87196dbe9 -> 
  custom:scripting/precompiled-assembly-types:Assembly-CSharp-Editor: 1d5c9d4bdf9dc32bf4c8d2014d390b17 -> 
  custom:scripting/monoscript/fileName/Graphic.cs: a06ccab3be7023340f550cfeaabbe07e -> 
  custom:scripting/monoscript/fileName/ClipperRegistry.cs: 8e6c24182f27f55fb4de3b4cdfe95c6c -> 
  custom:scripting/monoscript/fileName/Mask.cs: 30def7c5b8ef23ce62910d8eb0c002c6 -> 
  custom:scripting/monoscript/fileName/RectMask2D.cs: 4d0473b9b97e6b8149c43fe7277f2c32 -> 
  custom:scripting/monoscript/fileName/DropdownEditor.cs: 7835943c2b1e7ab14674862cb91ce165 -> 
  custom:scripting/monoscript/fileName/SpriteState.cs: 57b3309510f8493daf4f3019efe64711 -> 
  custom:scripting/monoscript/fileName/HorizontalOrVerticalLayoutGroupEditor.cs: b818b9a01e994214d99cc7440db09dec -> 
  custom:scripting/monoscript/fileName/MainMenu.cs: c093076ba5753d7bec74a8a751ffb653 -> 
  custom:scripting/monoscript/fileName/MultipleDisplayUtilities.cs: 4c3c70e26636165f46aedff2bed06aa3 -> 
  custom:scripting/monoscript/fileName/LayoutElementEditor.cs: 7b7a8175ebabe6f0476df392a9d779f5 -> 
  custom:scripting/monoscript/fileName/SpriteStateDrawer.cs: 5df3134a6f23a9419d53d42b06555043 -> 
  custom:scripting/monoscript/fileName/GraphicEditor.cs: 0dc931f0f060b1c1aa4b9934f3c02068 -> 
  custom:scripting/monoscript/fileName/LayoutPropertiesPreview.cs: 464f6e736bc56387abed9e1345b58e03 -> 
  custom:scripting/monoscript/fileName/CanvasScaler.cs: 2ea1923de8f9e015366994adf4a911f8 -> 
  custom:scripting/monoscript/fileName/PrefabLayoutRebuilder.cs: a5c4903b52cf08d0d76a12531586d566 -> 
  custom:scripting/monoscript/fileName/IMeshModifier.cs: d34ea46c6ec982082dceca7968209d0b -> 
  custom:scripting/monoscript/fileName/InputField.cs: 50f5a4450f02a1646ac6ec7a42f31f75 -> 
  custom:container-muxer-webm: aa71ff27fc2769a1b78a27578f13a17b -> 
  custom:scripting/monoscript/fileName/InputFieldEditor.cs: ae985d67ad35a24d695667fcf35d81ef -> 
  custom:scripting/monoscript/fileName/Slider.cs: fa9653030ac65718025b6955291e99ef -> 
  custom:scripting/monoscript/fileName/PointerEventData.cs: 3c7a8b2c3ff2e04116c5ea92277d670a -> 
  custom:video-codec-MediaFoundation-h265: 746d11721c4dcdbdad8f713fa42b33f4 -> 
  custom:scripting/monoscript/fileName/AudioManager.cs: e8310be4479956b7ccf5d41d9f0f6e53 -> 
  custom:scripting/monoscript/fileName/IMask.cs: 4835b27d1d14549285b4f8c83612ebc7 -> 
  custom:scripting/monoscript/fileName/FontDataDrawer.cs: f7cbe293c2e3dff2ee39aff7bd4163b1 -> 
  custom:scripting/monoscript/fileName/IGraphicEnabledDisabled.cs: 543e967edd29d3f90a7fada795a69d63 -> 
  custom:scripting/monoscript/fileName/Selectable.cs: 355ffa2236bbfbbd4ecc059e599154f4 -> 
  custom:scripting/monoscript/fileName/Toggle.cs: fc59b554e8aca13c5f78dc9bb5f2dcbb -> 
  custom:scripting/monoscript/fileName/FontData.cs: 2624b2b5223fc7daa60b578156662561 -> 
  custom:scripting/monoscript/fileName/RaycastResult.cs: 3da05e5f8945f9e35dd9f158a0fc91b7 -> 
  custom:scripting/monoscript/fileName/ButtonEditor.cs: 5ac506fb7c7a0164c335183377af7ab2 -> 
  custom:scripting/monoscript/fileName/Events.cs: 6faf8901b68bddda9be642afbc6e3ce9 -> 
  custom:scripting/monoscript/fileName/VerticalLayoutGroup.cs: d5cf2f2f23f5247db7d886894bac9b3f -> 
  custom:scripting/monoscript/fileName/Physics2DRaycaster.cs: 532e9bb49f140fabac2c7047d6401ab9 -> 
  custom:scripting/precompiled-assembly-types:UnityEditor.UI: 6bae215471362000d6dbd3e0ee304a50 -> 
  custom:scripting/monoscript/fileName/Navigation.cs: e35012b3e8f0b9a62e22595c530c4b09 -> 
  custom:scripting/monoscript/fileName/StencilMaterial.cs: c69bffbf7b7d04b1aed525ae7043b52a -> 
  custom:scripting/monoscript/fileName/RawImage.cs: 9b1f9ced27d17db391e342a1964f4b65 -> 
  custom:scripting/monoscript/fileName/Outline.cs: abe7a3b85236fa2aa6a727443644081c -> 
  custom:scripting/monoscript/fileName/ToggleGroup.cs: 861cd52fff6f1d7a73f5457b3b97dda8 -> 
  custom:container-demuxer-ogg: 62fdf1f143b41e24485cea50d1cbac27 -> 
  custom:scripting/monoscript/fileName/AxisEventData.cs: bd68a02a31e92e066ceec31b011fbc57 -> 
  custom:scripting/monoscript/fileName/FinishGateBuilder.cs: 75ccb6c9a6d6c7294316e1b892f79acd -> 
  custom:scripting/monoscript/fileName/Physics2DRaycasterEditor.cs: 9e7f63ac2881662ae3bbd50a4338aa2a -> 
  custom:scripting/monoscript/fileName/RectMask2DEditor.cs: f121c7dbc11fd506db77fcd126dfa3fc -> 
  custom:audio-decoder-ogg-vorbis: bf7c407c2cedff20999df2af8eb42d56 -> 
  custom:scripting/monoscript/fileName/PanelEventHandler.cs: ba6769d051300e140797e22cf69b8ced -> 
  custom:scripting/monoscript/fileName/GridLayoutGroupEditor.cs: e48ddca2b2d4210562ae141b312d8312 -> 
  custom:scripting/monoscript/fileName/ILayoutElement.cs: a5941e42345b87779111dd71a1bb5868 -> 
  custom:scripting/precompiled-assembly-types:UnityEngine.UI: f762135bac905e34e2b540c872c48817 -> 
  custom:scripting/monoscript/fileName/Misc.cs: 7ed2e50827551a4e78c69f183dffa2c9 -> 
  custom:scripting/monoscript/fileName/BaseRaycaster.cs: e37362e329c8091c64b863e33af2335e -> 
  custom:AudioImporter_EditorPlatform: d09bf68614088b80899f8185d706f6e7 -> 
  custom:scripting/monoscript/fileName/PlayerController.cs: d93a52a180fbbe603a59e9aa6da73c83 -> 
  custom:scripting/monoscript/fileName/MaskEditor.cs: 3bd6622b0f25c580774e523433166ef0 -> 
  custom:scripting/monoscript/fileName/HorizontalOrVerticalLayoutGroup.cs: eac4934c775299d8b76ff59142d92fe4 -> 
  custom:scripting/monoscript/fileName/PlayerManager.cs: fa278fc629bee650391d87d1007e9d4f -> 
  custom:scripting/monoscript/fileName/CoroutineTween.cs: 145a57fb4b19fcfb123b1dcc9c6ec846 -> 
  custom:scripting/monoscript/fileName/Coin.cs: 619f3eee3888c45b850590cb583d64bd -> 
  custom:video-decoder-ogg-theora: a1e56fd34408186e4bbccfd4996cb3dc -> 
  custom:scripting/monoscript/fileName/Image.cs: dab426e5f5622a0f37965b80d0c94886 -> 
  custom:scripting/monoscript/fileName/AspectRatioFitter.cs: d0d41744e6957c53bac0c4dfa076cfbe -> 
  custom:scripting/precompiled-assembly-types:Assembly-CSharp: 0c6d6c5851ccadc6dcf9ab6cc35f66fc -> 
  custom:scripting/monoscript/fileName/FinishLine.cs: c836545dc1a96ee58cc786528df073b8 -> 
  custom:CustomObjectIndexerAttribute: 9a22284fe3817be447336de3de66b15e -> 
  custom:scripting/monoscript/fileName/FontUpdateTracker.cs: 0edf4184b1e65a637688bed2aad2858e -> 
  custom:scripting/monoscript/fileName/EventTrigger.cs: 302ed930e5ba0917aa82911027f67670 -> 
  custom:scripting/monoscript/fileName/TileManager.cs: f558cb905e6926ac4e0368ea1a5caead -> 
  custom:scripting/monoscript/fileName/GraphicRebuildTracker.cs: 8de94ef43240abdb34f228fee6977ffb -> 
  custom:scripting/monoscript/fileName/CanvasScalerEditor.cs: 45d5b31aba10a8b7f96c6429c8d1cf15 -> 
  custom:framework-win-MediaFoundation: 216162199b28c13a410421893ffa2e32 -> 
  custom:scripting/monoscript/fileName/EventInterfaces.cs: 207de7b71ff167cef7ae4584652d1556 -> 
  custom:scripting/monoscript/fileName/ReflectionMethodsCache.cs: c5cb035abcaae76940caca8d15cf29e4 -> 
  custom:scripting/monoscript/fileName/AnimationTriggersDrawer.cs: a95af93c1a59bab8729323baee4360e5 -> 
  custom:scripting/monoscript/fileName/PhysicsRaycasterEditor.cs: 110591b94d444b72f6a02c548bb7e869 -> 
  custom:scripting/monoscript/fileName/ScrollbarEditor.cs: b44327427537937c6a57f8543906e016 -> 
  custom:scripting/monoscript/fileName/PanelRaycaster.cs: 57c5b48d37b14bf434fbeb37894146ef -> 
  custom:scripting/monoscript/fileName/GridLayoutGroup.cs: 43759e18a5ea1dda932d71b40c61dda6 -> 
  custom:scripting/monoscript/fileName/CanvasUpdateRegistry.cs: bdf5b5b4904888a4c7ec20bc9ff4f0a2 -> 
  custom:scripting/monoscript/fileName/GraphicRaycaster.cs: 0fc8c9d6ff17669221a0b586bde06477 -> 
  custom:scripting/monoscript/fileName/Scrollbar.cs: 042fdb4d377c0d68cf1021e2ead3c650 -> 
  custom:scripting/monoscript/fileName/Shadow.cs: 7884315ffc3a3b9bc418d86e8992798d -> 
  custom:scripting/monoscript/fileName/EventSystemEditor.cs: 76f2d1177650edec9abc8c01fb91473a -> 
  custom:scripting/monoscript/fileName/VertexHelper.cs: d79122a4ca8eedf6798884cad51c94ef -> 
  custom:scripting/monoscript/fileName/LayoutElement.cs: 0ad083ca76b6eceec2f3e5e824de2611 -> 
========================================================================
Received Prepare
Caller must complete domain reload
Begin MonoManager ReloadAssembly
- Loaded All Assemblies, in  0.210 seconds
Native extension for WindowsStandalone target not found
Native extension for Android target not found
Native extension for WebGL target not found
Mono: successfully reloaded assembly
- Finished resetting the current domain, in  0.270 seconds
Domain Reload Profiling: 481ms
	BeginReloadAssembly (142ms)
		ExecutionOrderSort (0ms)
		DisableScriptedObjects (5ms)
		BackupInstance (0ms)
		ReleaseScriptingObjects (0ms)
		CreateAndSetChildDomain (25ms)
	RebuildCommonClasses (30ms)
	RebuildNativeTypeToScriptingClass (8ms)
	initialDomainReloadingComplete (20ms)
	LoadAllAssembliesAndSetupDomain (11ms)
		LoadAssemblies (91ms)
		RebuildTransferFunctionScriptingTraits (0ms)
		AnalyzeDomain (6ms)
			TypeCache.Refresh (3ms)
				TypeCache.ScanAssembly (0ms)
			ScanForSourceGeneratedMonoScriptInfo (0ms)
			ResolveRequiredComponents (2ms)
	FinalizeReload (271ms)
		ReleaseScriptCaches (0ms)
		RebuildScriptCaches (0ms)
		SetupLoadedEditorAssemblies (167ms)
			LogAssemblyErrors (0ms)
			InitializePlatformSupportModulesInManaged (11ms)
			SetLoadedEditorAssemblies (4ms)
			RefreshPlugins (0ms)
			BeforeProcessingInitializeOnLoad (28ms)
			ProcessInitializeOnLoadAttributes (110ms)
			ProcessInitializeOnLoadMethodAttributes (13ms)
			AfterProcessingInitializeOnLoad (1ms)
			EditorAssembliesLoaded (0ms)
		ExecutionOrderSort2 (0ms)
		AwakeInstancesAfterBackupRestoration (4ms)
Refreshing native plugins compatible for Editor in 0.00 ms, found 0 plugins.
Preloading 0 native plugins for Editor in 0.00 ms.
Unloading 233 Unused Serialized files (Serialized files now loaded: 0)
Unloading 1 unused Assets / (22.8 KB). Loaded Objects now: 712.
Memory consumption went from 54.4 MB to 54.4 MB.
Total: 2.176500 ms (FindLiveObjects: 0.051700 ms CreateObjectMapping: 0.009700 ms MarkObjects: 2.090600 ms  DeleteObjects: 0.023500 ms)

Prepare: number of updated asset objects reloaded= 0
AssetImportParameters requested are different than current active one (requested -> active):
  custom:scripting/monoscript/fileName/LayoutGroup.cs: 47296f37423e45582ae2a1285f1834e1 -> 
  custom:scripting/monoscript/fileName/EventTriggerEditor.cs: 6ea4cbbbbfa1cf486ec109d8109386ab -> 
  custom:scripting/monoscript/fileName/BaseInputModule.cs: e5d51419cd83ddd14cfd2bfec49bced5 -> 
  custom:scripting/monoscript/fileName/TouchInputModule.cs: f649e6d16e6a2b3e3d9ef2fc7f32a42a -> 
  custom:scripting/monoscript/fileName/Button.cs: 18874d3cd8f6e3668320e6beabdb6cbc -> 
  custom:scripting/monoscript/fileName/LayoutUtility.cs: 5aad751cb79650d7f92ebd417a09943c -> 
  custom:video-encoder-webm-vp8: eb34c28f22e8b96e1ab97ce403110664 -> 
  custom:scripting/monoscript/fileName/LayoutRebuilder.cs: 361ab5c1dfc0dd155ae206d28605f701 -> 
  custom:scripting/monoscript/fileName/MaskUtilities.cs: 1ac31d7c3f0aeeb6154c06c4f379fbda -> 
  custom:scripting/monoscript/fileName/Clipping.cs: 5c87c7b6bd30043817e201557e09a654 -> 
  custom:scripting/monoscript/fileName/BaseEventData.cs: fe1c8385b48c0521893f28f747b6fc69 -> 
  custom:audio-encoder-webm-vorbis: bf7c407c2cedff20999df2af8eb42d56 -> 
  custom:scripting/monoscript/fileName/BaseMeshEffect.cs: d6e560340e123aa95f6f5a8a2fcdf11f -> 
  custom:scripting/monoscript/fileName/ColorBlock.cs: 425ee059ac60082d71e36b92bc05c817 -> 
  custom:scripting/monoscript/fileName/ColorBlockDrawer.cs: 5ce7ef2ba701206222b82e777add9575 -> 
  custom:scripting/monoscript/fileName/NavigationDrawer.cs: d6f1c1b7e626587e232b7c29fd8317ca -> 
  custom:scripting/monoscript/fileName/SpriteDrawUtility.cs: 63a19974af19378fa2ed74e2b9646e43 -> 
  custom:scripting/monoscript/fileName/Highscore.cs: ccab4b025d8c97b59129e52f2acc72f4 -> 
  custom:scripting/monoscript/fileName/DropdownOptionListDrawer.cs: 2b2ea9c97f9351f45324b7dd26de9002 -> 
  custom:scripting/monoscript/fileName/RaycasterManager.cs: 734ccc1eb36467642b0349d544b4126e -> 
  custom:scripting/monoscript/fileName/DefaultControls.cs: 553a49af5274967d9937dc08d9e54483 -> 
  custom:video-decoder-webm-vp8: 9c59270c3fd7afecdb556c50c9e8de78 -> 
  custom:scripting/monoscript/fileName/PhysicsRaycaster.cs: 55704cfd308f55e8f2100e1978b8c859 -> 
  custom:scripting/monoscript/fileName/IndexedSet.cs: 90647cc400823b41df847a6cbfc29026 -> 
  custom:scripting/monoscript/fileName/IMaskable.cs: 7d1a33632a371b7839c89496b37570f7 -> 
  custom:scripting/monoscript/fileName/SetPropertyUtility.cs: f604b4b9e6b0979bdfc1e2b40426dd19 -> 
  custom:scripting/monoscript/fileName/GraphicRegistry.cs: 98589adfc9bed38aa1284f52d0906cff -> 
  custom:scripting/monoscript/fileName/AnimationTriggers.cs: 71e2bc068282cb51ef0c9c07f7c83c0e -> 
  custom:scripting/monoscript/fileName/ScrollRect.cs: ad946dcd0c52e084febb1a202c6365b7 -> 
  custom:scripting/monoscript/fileName/ContentSizeFitterEditor.cs: d3472f0757f80a46d91353f6d23b99b9 -> 
  custom:scripting/monoscript/fileName/ImageEditor.cs: 445a540a125ce6a604545e302da59d0d -> 
  custom:scripting/monoscript/fileName/GoalManager.cs: 81ee6399dae1d7f974bb931f03a7bb1a -> 
  custom:scripting/monoscript/fileName/RectangularVertexClipper.cs: b6da5fc33d733831211174eb77db8240 -> 
  custom:scripting/monoscript/fileName/Sound.cs: 39f89aaaf6b8c020ee263538a2600b58 -> 
  custom:scripting/monoscript/fileName/RawImageEditor.cs: a27f397991c9e00c409e9e5f249ac4cf -> 
  custom:scripting/monoscript/fileName/IMaterialModifier.cs: 22379bdba952e76eedc3495376a7f365 -> 
  custom:scripting/monoscript/fileName/SliderEditor.cs: 311387dff33e7f968557acb6719ff318 -> 
  custom:scripting/monoscript/fileName/IClipRegion.cs: 7f6cd92e6d4df0295c24c7c4ddc064ba -> 
  custom:container-demuxer-webm: 4f35f7cbe854078d1ac9338744f61a02 -> 
  custom:scripting/monoscript/fileName/SelectableEditor.cs: 1481d527b8e3461180bdeab828e61e72 -> 
  custom:scripting/monoscript/fileName/EventSystem.cs: 9893ce071eb20d5c73342946ea902daa -> 
  custom:scripting/monoscript/fileName/UIBehaviour.cs: 93a5dfaee450605a3ebf5df8a3c39094 -> 
  custom:scripting/monoscript/fileName/CameraController.cs: 9afc567523072d385e7e839f14f42a40 -> 
  custom:scripting/monoscript/fileName/StandaloneInputModule.cs: bdd0257dc8587dc277481ed15f006d00 -> 
  custom:scripting/monoscript/fileName/ExecuteEvents.cs: 09bdf6afd188bdc384f065aac6293d3f -> 
  custom:scripting/monoscript/fileName/BaseInput.cs: 2124093b3f8a7fbb31af4584d7906f17 -> 
  custom:scripting/monoscript/fileName/AspectRatioFitterEditor.cs: ca909eaa36fb5ef0289fe980de644381 -> 
  custom:scripting/monoscript/fileName/ContentSizeFitter.cs: e2715cebc3fc71ede47fde6d9e9995cc -> 
  custom:scripting/monoscript/fileName/ScrollRectEditor.cs: 3c0730e578aa8d8fd5bfc2f3205e2ba0 -> 
  custom:scripting/monoscript/fileName/MenuOptions.cs: d79d6d6d5841de7e6374a43e8dcef5a4 -> 
  custom:scripting/monoscript/fileName/SwipeManager.cs: 4dbc8758d19ff25186c1c0d7053db010 -> 
  custom:scripting/monoscript/fileName/PositionAsUV1.cs: 2e4459b437a4807ec15690930098829a -> 
  custom:scripting/monoscript/fileName/Dropdown.cs: e2499375dbab18b142e2db07a091d792 -> 
  custom:scripting/monoscript/fileName/InterceptedEventsPreview.cs: 94e846ba0cdb752454d2d472cfe36d16 -> 
  custom:scripting/monoscript/fileName/HorizontalLayoutGroup.cs: 8a5b3f08374a0e6bc0ae61c7820d3dc9 -> 
  custom:scripting/monoscript/fileName/ToggleEditor.cs: bd84b18f689a3b85ecdf512fffc714e6 -> 
  custom:scripting/monoscript/fileName/SelfControllerEditor.cs: 7085c77278668b218f5204af2c8ef3a1 -> 
  custom:scripting/monoscript/fileName/MaskableGraphic.cs: aad20bbffec73c4b301a1ae8e335759b -> 
  custom:scripting/monoscript/fileName/Text.cs: f3cd2527cc0cf233b21b58a0a7d6ebc9 -> 
  custom:SearchIndexIgnoredProperties: e643bd26f0fe6173181afceb89e7c659 -> 
  custom:scripting/monoscript/fileName/TextEditor.cs: 0795927915f8ee9dc27f674f60e96764 -> 
  custom:scripting/monoscript/fileName/PointerInputModule.cs: c4d4fe7ccbecd5087b916bc87196dbe9 -> 
  custom:scripting/precompiled-assembly-types:Assembly-CSharp-Editor: 1d5c9d4bdf9dc32bf4c8d2014d390b17 -> 
  custom:scripting/monoscript/fileName/Graphic.cs: a06ccab3be7023340f550cfeaabbe07e -> 
  custom:scripting/monoscript/fileName/ClipperRegistry.cs: 8e6c24182f27f55fb4de3b4cdfe95c6c -> 
  custom:scripting/monoscript/fileName/Mask.cs: 30def7c5b8ef23ce62910d8eb0c002c6 -> 
  custom:scripting/monoscript/fileName/RectMask2D.cs: 4d0473b9b97e6b8149c43fe7277f2c32 -> 
  custom:scripting/monoscript/fileName/DropdownEditor.cs: 7835943c2b1e7ab14674862cb91ce165 -> 
  custom:scripting/monoscript/fileName/SpriteState.cs: 57b3309510f8493daf4f3019efe64711 -> 
  custom:scripting/monoscript/fileName/HorizontalOrVerticalLayoutGroupEditor.cs: b818b9a01e994214d99cc7440db09dec -> 
  custom:scripting/monoscript/fileName/MainMenu.cs: c093076ba5753d7bec74a8a751ffb653 -> 
  custom:scripting/monoscript/fileName/MultipleDisplayUtilities.cs: 4c3c70e26636165f46aedff2bed06aa3 -> 
  custom:scripting/monoscript/fileName/LayoutElementEditor.cs: 7b7a8175ebabe6f0476df392a9d779f5 -> 
  custom:scripting/monoscript/fileName/SpriteStateDrawer.cs: 5df3134a6f23a9419d53d42b06555043 -> 
  custom:scripting/monoscript/fileName/GraphicEditor.cs: 0dc931f0f060b1c1aa4b9934f3c02068 -> 
  custom:scripting/monoscript/fileName/LayoutPropertiesPreview.cs: 464f6e736bc56387abed9e1345b58e03 -> 
  custom:scripting/monoscript/fileName/CanvasScaler.cs: 2ea1923de8f9e015366994adf4a911f8 -> 
  custom:scripting/monoscript/fileName/PrefabLayoutRebuilder.cs: a5c4903b52cf08d0d76a12531586d566 -> 
  custom:scripting/monoscript/fileName/IMeshModifier.cs: d34ea46c6ec982082dceca7968209d0b -> 
  custom:scripting/monoscript/fileName/InputField.cs: 50f5a4450f02a1646ac6ec7a42f31f75 -> 
  custom:container-muxer-webm: aa71ff27fc2769a1b78a27578f13a17b -> 
  custom:scripting/monoscript/fileName/InputFieldEditor.cs: ae985d67ad35a24d695667fcf35d81ef -> 
  custom:scripting/monoscript/fileName/Slider.cs: fa9653030ac65718025b6955291e99ef -> 
  custom:scripting/monoscript/fileName/PointerEventData.cs: 3c7a8b2c3ff2e04116c5ea92277d670a -> 
  custom:video-codec-MediaFoundation-h265: 746d11721c4dcdbdad8f713fa42b33f4 -> 
  custom:scripting/monoscript/fileName/AudioManager.cs: e8310be4479956b7ccf5d41d9f0f6e53 -> 
  custom:scripting/monoscript/fileName/IMask.cs: 4835b27d1d14549285b4f8c83612ebc7 -> 
  custom:scripting/monoscript/fileName/FontDataDrawer.cs: f7cbe293c2e3dff2ee39aff7bd4163b1 -> 
  custom:scripting/monoscript/fileName/IGraphicEnabledDisabled.cs: 543e967edd29d3f90a7fada795a69d63 -> 
  custom:scripting/monoscript/fileName/Selectable.cs: 355ffa2236bbfbbd4ecc059e599154f4 -> 
  custom:scripting/monoscript/fileName/Toggle.cs: fc59b554e8aca13c5f78dc9bb5f2dcbb -> 
  custom:scripting/monoscript/fileName/FontData.cs: 2624b2b5223fc7daa60b578156662561 -> 
  custom:scripting/monoscript/fileName/RaycastResult.cs: 3da05e5f8945f9e35dd9f158a0fc91b7 -> 
  custom:scripting/monoscript/fileName/ButtonEditor.cs: 5ac506fb7c7a0164c335183377af7ab2 -> 
  custom:scripting/monoscript/fileName/Events.cs: 6faf8901b68bddda9be642afbc6e3ce9 -> 
  custom:scripting/monoscript/fileName/VerticalLayoutGroup.cs: d5cf2f2f23f5247db7d886894bac9b3f -> 
  custom:scripting/monoscript/fileName/Physics2DRaycaster.cs: 532e9bb49f140fabac2c7047d6401ab9 -> 
  custom:scripting/precompiled-assembly-types:UnityEditor.UI: 6bae215471362000d6dbd3e0ee304a50 -> 
  custom:scripting/monoscript/fileName/Navigation.cs: e35012b3e8f0b9a62e22595c530c4b09 -> 
  custom:scripting/monoscript/fileName/StencilMaterial.cs: c69bffbf7b7d04b1aed525ae7043b52a -> 
  custom:scripting/monoscript/fileName/RawImage.cs: 9b1f9ced27d17db391e342a1964f4b65 -> 
  custom:scripting/monoscript/fileName/Outline.cs: abe7a3b85236fa2aa6a727443644081c -> 
  custom:scripting/monoscript/fileName/ToggleGroup.cs: 861cd52fff6f1d7a73f5457b3b97dda8 -> 
  custom:container-demuxer-ogg: 62fdf1f143b41e24485cea50d1cbac27 -> 
  custom:scripting/monoscript/fileName/AxisEventData.cs: bd68a02a31e92e066ceec31b011fbc57 -> 
  custom:scripting/monoscript/fileName/FinishGateBuilder.cs: 75ccb6c9a6d6c7294316e1b892f79acd -> 
  custom:scripting/monoscript/fileName/Physics2DRaycasterEditor.cs: 9e7f63ac2881662ae3bbd50a4338aa2a -> 
  custom:scripting/monoscript/fileName/RectMask2DEditor.cs: f121c7dbc11fd506db77fcd126dfa3fc -> 
  custom:audio-decoder-ogg-vorbis: bf7c407c2cedff20999df2af8eb42d56 -> 
  custom:scripting/monoscript/fileName/PanelEventHandler.cs: ba6769d051300e140797e22cf69b8ced -> 
  custom:scripting/monoscript/fileName/GridLayoutGroupEditor.cs: e48ddca2b2d4210562ae141b312d8312 -> 
  custom:scripting/monoscript/fileName/ILayoutElement.cs: a5941e42345b87779111dd71a1bb5868 -> 
  custom:scripting/precompiled-assembly-types:UnityEngine.UI: f762135bac905e34e2b540c872c48817 -> 
  custom:scripting/monoscript/fileName/Misc.cs: 7ed2e50827551a4e78c69f183dffa2c9 -> 
  custom:scripting/monoscript/fileName/BaseRaycaster.cs: e37362e329c8091c64b863e33af2335e -> 
  custom:AudioImporter_EditorPlatform: d09bf68614088b80899f8185d706f6e7 -> 
  custom:scripting/monoscript/fileName/PlayerController.cs: d93a52a180fbbe603a59e9aa6da73c83 -> 
  custom:scripting/monoscript/fileName/MaskEditor.cs: 3bd6622b0f25c580774e523433166ef0 -> 
  custom:scripting/monoscript/fileName/HorizontalOrVerticalLayoutGroup.cs: eac4934c775299d8b76ff59142d92fe4 -> 
  custom:scripting/monoscript/fileName/PlayerManager.cs: fa278fc629bee650391d87d1007e9d4f -> 
  custom:scripting/monoscript/fileName/CoroutineTween.cs: 145a57fb4b19fcfb123b1dcc9c6ec846 -> 
  custom:scripting/monoscript/fileName/Coin.cs: 619f3eee3888c45b850590cb583d64bd -> 
  custom:video-decoder-ogg-theora: a1e56fd34408186e4bbccfd4996cb3dc -> 
  custom:scripting/monoscript/fileName/Image.cs: dab426e5f5622a0f37965b80d0c94886 -> 
  custom:scripting/monoscript/fileName/AspectRatioFitter.cs: d0d41744e6957c53bac0c4dfa076cfbe -> 
  custom:scripting/precompiled-assembly-types:Assembly-CSharp: 0c6d6c5851ccadc6dcf9ab6cc35f66fc -> 
  custom:scripting/monoscript/fileName/FinishLine.cs: c836545dc1a96ee58cc786528df073b8 -> 
  custom:CustomObjectIndexerAttribute: 9a22284fe3817be447336de3de66b15e -> 
  custom:scripting/monoscript/fileName/FontUpdateTracker.cs: 0edf4184b1e65a637688bed2aad2858e -> 
  custom:scripting/monoscript/fileName/EventTrigger.cs: 302ed930e5ba0917aa82911027f67670 -> 
  custom:scripting/monoscript/fileName/TileManager.cs: f558cb905e6926ac4e0368ea1a5caead -> 
  custom:scripting/monoscript/fileName/GraphicRebuildTracker.cs: 8de94ef43240abdb34f228fee6977ffb -> 
  custom:scripting/monoscript/fileName/CanvasScalerEditor.cs: 45d5b31aba10a8b7f96c6429c8d1cf15 -> 
  custom:framework-win-MediaFoundation: 216162199b28c13a410421893ffa2e32 -> 
  custom:scripting/monoscript/fileName/EventInterfaces.cs: 207de7b71ff167cef7ae4584652d1556 -> 
  custom:scripting/monoscript/fileName/ReflectionMethodsCache.cs: c5cb035abcaae76940caca8d15cf29e4 -> 
  custom:scripting/monoscript/fileName/AnimationTriggersDrawer.cs: a95af93c1a59bab8729323baee4360e5 -> 
  custom:scripting/monoscript/fileName/PhysicsRaycasterEditor.cs: 110591b94d444b72f6a02c548bb7e869 -> 
  custom:scripting/monoscript/fileName/ScrollbarEditor.cs: b44327427537937c6a57f8543906e016 -> 
  custom:scripting/monoscript/fileName/PanelRaycaster.cs: 57c5b48d37b14bf434fbeb37894146ef -> 
  custom:scripting/monoscript/fileName/GridLayoutGroup.cs: 43759e18a5ea1dda932d71b40c61dda6 -> 
  custom:scripting/monoscript/fileName/CanvasUpdateRegistry.cs: bdf5b5b4904888a4c7ec20bc9ff4f0a2 -> 
  custom:scripting/monoscript/fileName/GraphicRaycaster.cs: 0fc8c9d6ff17669221a0b586bde06477 -> 
  custom:scripting/monoscript/fileName/Scrollbar.cs: 042fdb4d377c0d68cf1021e2ead3c650 -> 
  custom:scripting/monoscript/fileName/Shadow.cs: 7884315ffc3a3b9bc418d86e8992798d -> 
  custom:scripting/monoscript/fileName/EventSystemEditor.cs: 76f2d1177650edec9abc8c01fb91473a -> 
  custom:scripting/monoscript/fileName/VertexHelper.cs: d79122a4ca8eedf6798884cad51c94ef -> 
  custom:scripting/monoscript/fileName/LayoutElement.cs: 0ad083ca76b6eceec2f3e5e824de2611 -> 
